23.04.2020 7:02:47 Окончание работы с Direct.exe
23.04.2020 7:04:09 Начало работы с Direct.exe
23.04.2020 7:04:21 Окончание работы с Direct.exe
23.04.2020 7:04:24 Начало работы с Direct.exe
23.04.2020 7:13:27 Окончание работы с Direct.exe
23.04.2020 7:39:06 Начало работы с Direct.exe
23.04.2020 7:39:20 Окончание работы с Direct.exe
23.04.2020 7:39:33 Начало работы с Direct.exe
23.04.2020 7:39:49 Окончание работы с Direct.exe
23.04.2020 7:51:17 Начало работы с Direct.exe
23.04.2020 8:01:47 Начало работы с Direct.exe
23.04.2020 8:02:13 Начало работы с Direct.exe
23.04.2020 8:04:29 Начало регистрации оплаты
23.04.2020 8:04:29 Чек вариант №2
23.04.2020 8:04:29 Окончание регистрации оплаты
23.04.2020 8:14:08 Окончание работы с Direct.exe
23.04.2020 8:29:57 Начало работы с Direct.exe
23.04.2020 8:30:04 Окончание работы с Direct.exe
24.04.2020 6:31:01 Начало работы с Direct.exe
24.04.2020 6:37:56 Начало работы с Direct.exe
24.04.2020 6:38:15 Окончание работы с Direct.exe
24.04.2020 6:38:35 Начало работы с Direct.exe
24.04.2020 6:38:54 Окончание работы с Direct.exe
24.04.2020 6:41:33 Начало работы с Direct.exe
24.04.2020 6:42:11 Окончание работы с Direct.exe
24.04.2020 6:43:29 Начало работы с Direct.exe
24.04.2020 6:43:57 Окончание работы с Direct.exe
24.04.2020 6:48:05 Начало работы с Direct.exe
24.04.2020 6:49:14 Начало работы с Direct.exe
24.04.2020 6:51:22 Начало работы с Direct.exe
24.04.2020 6:51:54 Окончание работы с Direct.exe
24.04.2020 6:52:22 Начало работы с Direct.exe
24.04.2020 6:53:12 Начало работы с Direct.exe
24.04.2020 6:58:31 Начало работы с Direct.exe
24.04.2020 7:00:52 Начало работы с Direct.exe
24.04.2020 7:01:28 Окончание работы с Direct.exe
24.04.2020 7:02:12 Начало работы с Direct.exe
24.04.2020 7:24:12 Окончание работы с Direct.exe
24.04.2020 7:24:29 Начало работы с Direct.exe
