Дата:16.07.2019 6:59:04
ORA-00028: your session has been killed

Дата:16.07.2019 6:59:33
ORA-00028: your session has been killed

Дата:16.07.2019 7:00:45
ORA-00028: your session has been killed

Дата:29.07.2019 7:31:05
ORA-20000: ваавва
ORA-06512: at "SCOTT.C_KART", line 807
ORA-06512: at "SCOTT.C_CHARGES", line 1260
ORA-06512: at line 2

Дата:29.07.2019 7:38:40
ORA-20000: ваавва
ORA-06512: at "SCOTT.C_KART", line 810
ORA-06512: at "SCOTT.C_CHARGES", line 1260
ORA-06512: at line 2

Дата:29.07.2019 7:39:11
OD_charge: Dataset not in edit or insert mode
Дата:29.07.2019 7:39:18
OD_charge: Dataset not in edit or insert mode
Дата:29.07.2019 7:39:23
OD_charge: Dataset not in edit or insert mode
Дата:29.07.2019 7:39:30
OD_charge: Dataset not in edit or insert mode
Дата:29.07.2019 7:46:24
ORA-20000: 0
ORA-06512: at "SCOTT.C_KART", line 810
ORA-06512: at "SCOTT.C_CHARGES", line 1260
ORA-06512: at line 2

Дата:29.07.2019 7:46:50
OD_charge: Dataset not in edit or insert mode
Дата:29.07.2019 7:47:19
ORA-20000: 0
ORA-06512: at "SCOTT.C_KART", line 810
ORA-06512: at "SCOTT.C_CHARGES", line 1260
ORA-06512: at line 2

Дата:29.07.2019 7:48:43
OD_charge: Dataset not in edit or insert mode
Дата:29.07.2019 7:50:20
ORA-20000: 0
ORA-06512: at "SCOTT.C_KART", line 811
ORA-06512: at "SCOTT.C_CHARGES", line 1260
ORA-06512: at line 2

Дата:29.07.2019 7:50:27
OD_charge: Dataset not in edit or insert mode
Дата:29.07.2019 7:55:09
OD_charge: Dataset not in edit or insert mode
