object TprTxReport
  ShowProgress = True
  FromPage = 1
  ToPage = 1
  Values = <
    item
      Group = GroupNal
      Name = 'prNalSka'
      AggFunction = prafSum
      Formula = 'TableGroupOper.ska'
      ResetOn = rvtGroup
      CalcOn = cvtDataSetNext
      DataSetName = 'TableGroupOper'
    end
    item
      Group = GroupNal
      Name = 'prNalPn'
      AggFunction = prafSum
      Formula = 'TableGroupOper.pn'
      ResetOn = rvtGroup
      CalcOn = cvtDataSetNext
      DataSetName = 'TableGroupOper'
    end
    item
      Group = GroupOther
      Name = 'prOtherSka'
      AggFunction = prafSum
      Formula = 'TableGroupOper.ska'
      ResetOn = rvtGroup
      CalcOn = cvtDataSetNext
      DataSetName = 'TableGroupOper'
    end
    item
      Group = GroupOther
      Name = 'prOtherPn'
      AggFunction = prafSum
      Formula = 'TableGroupOper.pn'
      ResetOn = rvtGroup
      CalcOn = cvtDataSetNext
      DataSetName = 'TableGroupOper'
    end
    item
      Group = GroupInk
      Name = 'prInkSka'
      AggFunction = prafSum
      Formula = 'TableGroupOper.ska'
      ResetOn = rvtGroup
      CalcOn = cvtDataSetNext
      DataSetName = 'TableGroupOper'
    end
    item
      Group = GroupInk
      Name = 'prInkPn'
      AggFunction = prafSum
      Formula = 'TableGroupOper.pn'
      ResetOn = rvtGroup
      CalcOn = cvtDataSetNext
      DataSetName = 'TableGroupOper'
    end>
  Variables = <>
  PrinterName = 'Epson DFX-8000'
  EjectPageAfterPrint = False
  PaperType = ptRulon
  Left = 128
  Top = 288
  SystemInfo = (
    'OS: WIN32_NT 5.0.2195 Service Pack 4'
    ''
    'PageSize: 4096'
    'ActiveProcessorMask: $1000'
    'NumberOfProcessors: 1'
    'ProcessorType: 586'
    ''
    'Compiler version: Delphi7'
    'PReport version: 1.83.2')
  object prTxPage1: TprTxPage
    PageType = tptRoll
    LineNum = 60
    ColNum = 233
    object prTxHDetailBand1: TprTxHDetailBand
      Height = 1
      UseVerticalBands = False
      DataSetName = 'TableGroupOper'
      ColCount = 0
      ColDirection = prcdTopBottomLeftRight
      Groups = (
        'GroupOther'
        'GroupNal'
        'GroupInk')
      object prTxMemoObj1: TprTxMemoObj
        dRec.DefVersion = 0
        dRec.Versions = <
          item
            Visible = True
            Memo.Strings = (
              '[TableGroupOper.naim]')
            DeleteEmptyLinesAtEnd = False
            DeleteEmptyLines = False
            CanResizeX = False
            CanResizeY = False
            hAlign = prhLeft
            vAlign = prvTop
            DefaultFont = True
            WordWrap = False
          end>
        dRec.Left = 4
        dRec.Top = 0
        dRec.Right = 30
        dRec.Bottom = 1
        Visible = False
      end
      object prTxMemoObj2: TprTxMemoObj
        dRec.DefVersion = 0
        dRec.Versions = <
          item
            Visible = True
            Memo.Strings = (
              '[round(TableGroupOper.ska,2)]')
            DeleteEmptyLinesAtEnd = False
            DeleteEmptyLines = False
            CanResizeX = False
            CanResizeY = False
            hAlign = prhRight
            vAlign = prvTop
            DefaultFont = True
            WordWrap = False
          end>
        dRec.Left = 38
        dRec.Top = 0
        dRec.Right = 53
        dRec.Bottom = 1
        Visible = False
      end
      object prTxMemoObj3: TprTxMemoObj
        dRec.DefVersion = 0
        dRec.Versions = <
          item
            Visible = True
            Memo.Strings = (
              '[round(TableGroupOper.pn,2)]')
            DeleteEmptyLinesAtEnd = False
            DeleteEmptyLines = False
            CanResizeX = False
            CanResizeY = False
            hAlign = prhRight
            vAlign = prvTop
            DefaultFont = True
            WordWrap = False
          end>
        dRec.Left = 55
        dRec.Top = 0
        dRec.Right = 70
        dRec.Bottom = 1
        Visible = False
      end
    end
    object prTxHGroupHeaderBand1: TprTxHGroupHeaderBand
      Height = 1
      UseVerticalBands = False
      Group = GroupOther
      ColCount = 0
      ColDirection = prcdTopBottomLeftRight
      LinkToDetail = False
      StartNewPage = False
      ReprintOnEachPage = False
      object prTxMemoObj4: TprTxMemoObj
        dRec.DefVersion = 0
        dRec.Versions = <
          item
            Visible = True
            Memo.Strings = (
              
                '[iif(TableGroupOper.OTHER=1,"'#1046#1080#1083#1100#1077' '#1080' '#1082#1086#1084#1084'.'#1091#1089#1083'.:","'#1054#1089#1090#1072#1083#1100#1085#1099#1077' '#1087#1083#1072#1090 +
                #1077#1078#1080':")]')
            DeleteEmptyLinesAtEnd = False
            DeleteEmptyLines = False
            CanResizeX = False
            CanResizeY = False
            hAlign = prhLeft
            vAlign = prvTop
            DefaultFont = True
            WordWrap = False
          end>
        dRec.Left = 1
        dRec.Top = 0
        dRec.Right = 31
        dRec.Bottom = 1
        Visible = False
      end
    end
    object prTxHGroupHeaderBand2: TprTxHGroupHeaderBand
      Height = 1
      UseVerticalBands = False
      Group = GroupNal
      ColCount = 0
      ColDirection = prcdTopBottomLeftRight
      LinkToDetail = False
      StartNewPage = False
      ReprintOnEachPage = False
      object prTxMemoObj5: TprTxMemoObj
        dRec.DefVersion = 0
        dRec.Versions = <
          item
            Visible = True
            Memo.Strings = (
              '[iif(TableGroupOper.NAL="0","'#1057#1074#1086#1080':","'#1063#1091#1078#1080#1077':")]'
              '')
            DeleteEmptyLinesAtEnd = False
            DeleteEmptyLines = False
            CanResizeX = False
            CanResizeY = False
            hAlign = prhLeft
            vAlign = prvTop
            DefaultFont = True
            WordWrap = False
          end>
        dRec.Left = 3
        dRec.Top = 0
        dRec.Right = 34
        dRec.Bottom = 1
        Visible = False
      end
    end
    object prTxHGroupHeaderBand3: TprTxHGroupHeaderBand
      Height = 1
      UseVerticalBands = False
      Group = GroupInk
      ColCount = 0
      ColDirection = prcdTopBottomLeftRight
      LinkToDetail = False
      StartNewPage = False
      ReprintOnEachPage = False
      object prTxMemoObj6: TprTxMemoObj
        dRec.DefVersion = 0
        dRec.Versions = <
          item
            Visible = True
            Memo.Strings = (
              '[iif(TableGroupOper.INK="1","'#1053#1072#1083#1080#1095#1085':","'#1041#1077#1079#1085#1072#1083':")]')
            DeleteEmptyLinesAtEnd = False
            DeleteEmptyLines = False
            CanResizeX = False
            CanResizeY = False
            hAlign = prhLeft
            vAlign = prvTop
            DefaultFont = True
            WordWrap = False
          end>
        dRec.Left = 3
        dRec.Top = 0
        dRec.Right = 34
        dRec.Bottom = 1
        Visible = False
      end
    end
    object prTxHGroupFooterBand1: TprTxHGroupFooterBand
      Height = 2
      UseVerticalBands = False
      Group = GroupInk
      ColCount = 0
      ColDirection = prcdTopBottomLeftRight
      LinkToDetail = False
      object prTxMemoObj7: TprTxMemoObj
        dRec.DefVersion = 0
        dRec.Versions = <
          item
            Visible = True
            Memo.Strings = (
              
                '----------------------------------------------------------------' +
                '------')
            DeleteEmptyLinesAtEnd = False
            DeleteEmptyLines = False
            CanResizeX = False
            CanResizeY = False
            hAlign = prhLeft
            vAlign = prvTop
            DefaultFont = True
            WordWrap = False
            TxFontOptionsEx = (
              tfoCondensed
              tfoBold)
          end>
        dRec.Left = 0
        dRec.Top = 0
        dRec.Right = 80
        dRec.Bottom = 1
        Visible = False
      end
      object prTxMemoObj8: TprTxMemoObj
        dRec.DefVersion = 0
        dRec.Versions = <
          item
            Visible = True
            Memo.Strings = (
              #1048#1090#1086#1075#1086' '#1087#1086' :[iif(TableGroupOper.INK="1","'#1053#1072#1083#1080#1095#1085':","'#1041#1077#1079#1085#1072#1083':")]')
            DeleteEmptyLinesAtEnd = False
            DeleteEmptyLines = False
            CanResizeX = False
            CanResizeY = False
            hAlign = prhLeft
            vAlign = prvTop
            DefaultFont = True
            WordWrap = False
          end>
        dRec.Left = 7
        dRec.Top = 1
        dRec.Right = 34
        dRec.Bottom = 2
        Visible = False
      end
      object prTxMemoObj9: TprTxMemoObj
        dRec.DefVersion = 0
        dRec.Versions = <
          item
            Visible = True
            Memo.Strings = (
              
                '[iif(TableGroupOper2.Locate("OTHER",TableGroupOper.OTHER,"NAL",T' +
                'ableGroupOper.NAL,"INK",TableGroupOper.INK),TableGroupOper2.SKA,' +
                '0)]')
            DeleteEmptyLinesAtEnd = False
            DeleteEmptyLines = False
            CanResizeX = False
            CanResizeY = False
            hAlign = prhRight
            vAlign = prvTop
            DefaultFont = True
            WordWrap = False
          end>
        dRec.Left = 38
        dRec.Top = 1
        dRec.Right = 53
        dRec.Bottom = 2
        Visible = False
      end
      object prTxMemoObj10: TprTxMemoObj
        dRec.DefVersion = 0
        dRec.Versions = <
          item
            Visible = True
            Memo.Strings = (
              
                '[round(iif(TableGroupOper2.Locate("OTHER",TableGroupOper.OTHER,"' +
                'NAL",TableGroupOper.NAL,"INK",TableGroupOper.INK),TableGroupOper' +
                '2.PN,0),2)]')
            DeleteEmptyLinesAtEnd = False
            DeleteEmptyLines = False
            CanResizeX = False
            CanResizeY = False
            hAlign = prhRight
            vAlign = prvTop
            DefaultFont = True
            WordWrap = False
          end>
        dRec.Left = 55
        dRec.Top = 1
        dRec.Right = 70
        dRec.Bottom = 2
        Visible = False
      end
    end
    object prTxHGroupFooterBand2: TprTxHGroupFooterBand
      Height = 2
      UseVerticalBands = False
      Group = GroupNal
      ColCount = 0
      ColDirection = prcdTopBottomLeftRight
      LinkToDetail = False
      object prTxMemoObj11: TprTxMemoObj
        dRec.DefVersion = 0
        dRec.Versions = <
          item
            Visible = True
            Memo.Strings = (
              #1048#1090#1086#1075#1086' '#1087#1086' :[iif(TableGroupOper.NAL="0","'#1057#1074#1086#1080#1084':","'#1063#1091#1078#1080#1084':")]')
            DeleteEmptyLinesAtEnd = False
            DeleteEmptyLines = False
            CanResizeX = False
            CanResizeY = False
            hAlign = prhLeft
            vAlign = prvTop
            DefaultFont = True
            WordWrap = False
          end>
        dRec.Left = 4
        dRec.Top = 1
        dRec.Right = 35
        dRec.Bottom = 2
        Visible = False
      end
      object prTxMemoObj12: TprTxMemoObj
        dRec.DefVersion = 0
        dRec.Versions = <
          item
            Visible = True
            Memo.Strings = (
              
                '----------------------------------------------------------------' +
                '------')
            DeleteEmptyLinesAtEnd = False
            DeleteEmptyLines = False
            CanResizeX = False
            CanResizeY = False
            hAlign = prhLeft
            vAlign = prvTop
            DefaultFont = True
            WordWrap = False
            TxFontOptionsEx = (
              tfoCondensed
              tfoBold)
          end>
        dRec.Left = 0
        dRec.Top = 0
        dRec.Right = 80
        dRec.Bottom = 1
        Visible = False
      end
      object prTxMemoObj13: TprTxMemoObj
        dRec.DefVersion = 0
        dRec.Versions = <
          item
            Visible = True
            Memo.Strings = (
              '[round(prNalSka,2)]')
            DeleteEmptyLinesAtEnd = False
            DeleteEmptyLines = False
            CanResizeX = False
            CanResizeY = False
            hAlign = prhRight
            vAlign = prvTop
            DefaultFont = True
            WordWrap = False
          end>
        dRec.Left = 38
        dRec.Top = 1
        dRec.Right = 53
        dRec.Bottom = 2
        Visible = False
      end
      object prTxMemoObj14: TprTxMemoObj
        dRec.DefVersion = 0
        dRec.Versions = <
          item
            Visible = True
            Memo.Strings = (
              '[round(prNalPn,2)]')
            DeleteEmptyLinesAtEnd = False
            DeleteEmptyLines = False
            CanResizeX = False
            CanResizeY = False
            hAlign = prhRight
            vAlign = prvTop
            DefaultFont = True
            WordWrap = False
          end>
        dRec.Left = 55
        dRec.Top = 1
        dRec.Right = 70
        dRec.Bottom = 2
        Visible = False
      end
    end
    object prTxHGroupFooterBand3: TprTxHGroupFooterBand
      Height = 2
      UseVerticalBands = False
      Group = GroupOther
      ColCount = 0
      ColDirection = prcdTopBottomLeftRight
      LinkToDetail = False
      object prTxMemoObj15: TprTxMemoObj
        dRec.DefVersion = 0
        dRec.Versions = <
          item
            Visible = True
            Memo.Strings = (
              
                '----------------------------------------------------------------' +
                '------')
            DeleteEmptyLinesAtEnd = False
            DeleteEmptyLines = False
            CanResizeX = False
            CanResizeY = False
            hAlign = prhLeft
            vAlign = prvTop
            DefaultFont = True
            WordWrap = False
            TxFontOptionsEx = (
              tfoCondensed
              tfoBold)
          end>
        dRec.Left = 0
        dRec.Top = 0
        dRec.Right = 80
        dRec.Bottom = 1
        Visible = False
      end
      object prTxMemoObj16: TprTxMemoObj
        dRec.DefVersion = 0
        dRec.Versions = <
          item
            Visible = True
            Memo.Strings = (
              
                #1048#1090#1086#1075#1086' '#1087#1086' '#1074#1080#1076#1091':[iif(TableGroupOper.OTHER=1,"'#1046#1080#1083#1100#1077' '#1080' '#1082#1086#1084#1084'.'#1091#1089#1083'.:","' +
                #1054#1089#1090#1072#1083#1100#1085#1099#1077' '#1087#1083#1072#1090#1077#1078#1080':")]')
            DeleteEmptyLinesAtEnd = False
            DeleteEmptyLines = False
            CanResizeX = False
            CanResizeY = False
            hAlign = prhLeft
            vAlign = prvTop
            DefaultFont = True
            WordWrap = False
          end>
        dRec.Left = 1
        dRec.Top = 1
        dRec.Right = 32
        dRec.Bottom = 2
        Visible = False
      end
      object prTxMemoObj17: TprTxMemoObj
        dRec.DefVersion = 0
        dRec.Versions = <
          item
            Visible = True
            Memo.Strings = (
              '[round(prOtherSka,2)]')
            DeleteEmptyLinesAtEnd = False
            DeleteEmptyLines = False
            CanResizeX = False
            CanResizeY = False
            hAlign = prhRight
            vAlign = prvTop
            DefaultFont = True
            WordWrap = False
          end>
        dRec.Left = 38
        dRec.Top = 1
        dRec.Right = 53
        dRec.Bottom = 2
        Visible = False
      end
      object prTxMemoObj18: TprTxMemoObj
        dRec.DefVersion = 0
        dRec.Versions = <
          item
            Visible = True
            Memo.Strings = (
              '[round(prOtherPn,2)]')
            DeleteEmptyLinesAtEnd = False
            DeleteEmptyLines = False
            CanResizeX = False
            CanResizeY = False
            hAlign = prhRight
            vAlign = prvTop
            DefaultFont = True
            WordWrap = False
          end>
        dRec.Left = 55
        dRec.Top = 1
        dRec.Right = 70
        dRec.Bottom = 2
        Visible = False
      end
    end
    object prTxHSummaryBand1: TprTxHSummaryBand
      Height = 4
      UseVerticalBands = False
      object prTxMemoObj19: TprTxMemoObj
        dRec.DefVersion = 0
        dRec.Versions = <
          item
            Visible = True
            Memo.Strings = (
              #1048#1090#1086#1075#1086' '#1087#1086' '#1086#1090#1095#1077#1090#1091' ('#1087#1086' '#1086#1087#1083#1072#1090#1077'):')
            DeleteEmptyLinesAtEnd = False
            DeleteEmptyLines = False
            CanResizeX = False
            CanResizeY = False
            hAlign = prhLeft
            vAlign = prvTop
            DefaultFont = True
            WordWrap = False
          end>
        dRec.Left = 0
        dRec.Top = 1
        dRec.Right = 38
        dRec.Bottom = 2
        Visible = False
      end
      object prTxMemoObj20: TprTxMemoObj
        dRec.DefVersion = 0
        dRec.Versions = <
          item
            Visible = True
            Memo.Strings = (
              '[round(Itog.ska,2)]')
            DeleteEmptyLinesAtEnd = False
            DeleteEmptyLines = False
            CanResizeX = False
            CanResizeY = False
            hAlign = prhRight
            vAlign = prvTop
            DefaultFont = True
            WordWrap = False
          end>
        dRec.Left = 38
        dRec.Top = 1
        dRec.Right = 53
        dRec.Bottom = 2
        Visible = False
      end
      object prTxMemoObj21: TprTxMemoObj
        dRec.DefVersion = 0
        dRec.Versions = <
          item
            Visible = True
            Memo.Strings = (
              '[round(Itog.pn,2)]')
            DeleteEmptyLinesAtEnd = False
            DeleteEmptyLines = False
            CanResizeX = False
            CanResizeY = False
            hAlign = prhRight
            vAlign = prvTop
            DefaultFont = True
            WordWrap = False
          end>
        dRec.Left = 55
        dRec.Top = 1
        dRec.Right = 70
        dRec.Bottom = 2
        Visible = False
      end
      object prTxMemoObj22: TprTxMemoObj
        dRec.DefVersion = 0
        dRec.Versions = <
          item
            Visible = True
            Memo.Strings = (
              #1048#1090#1086#1075#1086' '#1087#1086' '#1086#1090#1095#1077#1090#1091' ('#1087#1086' '#1080#1085#1082#1072#1089#1089'.):')
            DeleteEmptyLinesAtEnd = False
            DeleteEmptyLines = False
            CanResizeX = False
            CanResizeY = False
            hAlign = prhLeft
            vAlign = prvTop
            DefaultFont = True
            WordWrap = False
          end>
        dRec.Left = 0
        dRec.Top = 2
        dRec.Right = 38
        dRec.Bottom = 3
        Visible = False
      end
      object prTxMemoObj23: TprTxMemoObj
        dRec.DefVersion = 0
        dRec.Versions = <
          item
            Visible = True
            Memo.Strings = (
              '[round(ItogInk.ska,2)]')
            DeleteEmptyLinesAtEnd = False
            DeleteEmptyLines = False
            CanResizeX = False
            CanResizeY = False
            hAlign = prhRight
            vAlign = prvTop
            DefaultFont = True
            WordWrap = False
          end>
        dRec.Left = 38
        dRec.Top = 2
        dRec.Right = 53
        dRec.Bottom = 3
        Visible = False
      end
      object prTxMemoObj24: TprTxMemoObj
        dRec.DefVersion = 0
        dRec.Versions = <
          item
            Visible = True
            Memo.Strings = (
              '[round(ItogInk.pn,2)]')
            DeleteEmptyLinesAtEnd = False
            DeleteEmptyLines = False
            CanResizeX = False
            CanResizeY = False
            hAlign = prhRight
            vAlign = prvTop
            DefaultFont = True
            WordWrap = False
          end>
        dRec.Left = 55
        dRec.Top = 2
        dRec.Right = 70
        dRec.Bottom = 3
        Visible = False
      end
      object prTxMemoObj25: TprTxMemoObj
        dRec.DefVersion = 0
        dRec.Versions = <
          item
            Visible = True
            Memo.Strings = (
              #1048#1090#1086#1075#1086' '#1087#1086' '#1046#1080#1083#1100#1102' '#1080' '#1082#1086#1084#1084'.'#1091#1089#1083'.('#1087#1086' '#1080#1085#1082#1072#1089#1089'.):')
            DeleteEmptyLinesAtEnd = False
            DeleteEmptyLines = False
            CanResizeX = False
            CanResizeY = False
            hAlign = prhLeft
            vAlign = prvTop
            DefaultFont = True
            WordWrap = False
          end>
        dRec.Left = 0
        dRec.Top = 3
        dRec.Right = 38
        dRec.Bottom = 4
        Visible = False
      end
      object prTxMemoObj26: TprTxMemoObj
        dRec.DefVersion = 0
        dRec.Versions = <
          item
            Visible = True
            Memo.Strings = (
              '[round(ItogGil.ska,2)]')
            DeleteEmptyLinesAtEnd = False
            DeleteEmptyLines = False
            CanResizeX = False
            CanResizeY = False
            hAlign = prhRight
            vAlign = prvTop
            DefaultFont = True
            WordWrap = False
          end>
        dRec.Left = 38
        dRec.Top = 3
        dRec.Right = 53
        dRec.Bottom = 4
        Visible = False
      end
      object prTxMemoObj27: TprTxMemoObj
        dRec.DefVersion = 0
        dRec.Versions = <
          item
            Visible = True
            Memo.Strings = (
              '[round(ItogGil.pn,2)]')
            DeleteEmptyLinesAtEnd = False
            DeleteEmptyLines = False
            CanResizeX = False
            CanResizeY = False
            hAlign = prhRight
            vAlign = prvTop
            DefaultFont = True
            WordWrap = False
          end>
        dRec.Left = 55
        dRec.Top = 3
        dRec.Right = 70
        dRec.Bottom = 4
        Visible = False
      end
      object prTxMemoObj28: TprTxMemoObj
        dRec.DefVersion = 0
        dRec.Versions = <
          item
            Visible = True
            Memo.Strings = (
              
                '----------------------------------------------------------------' +
                '------')
            DeleteEmptyLinesAtEnd = False
            DeleteEmptyLines = False
            CanResizeX = False
            CanResizeY = False
            hAlign = prhLeft
            vAlign = prvTop
            DefaultFont = True
            WordWrap = False
            TxFontOptionsEx = (
              tfoCondensed
              tfoBold)
          end>
        dRec.Left = 0
        dRec.Top = 0
        dRec.Right = 80
        dRec.Bottom = 1
        Visible = False
      end
    end
    object prTxHTitleBand1: TprTxHTitleBand
      Height = 3
      UseVerticalBands = False
      object prTxMemoObj29: TprTxMemoObj
        dRec.DefVersion = 0
        dRec.Versions = <
          item
            Visible = True
            Memo.Strings = (
              #1048#1090#1086#1075#1080' '#1087#1086' '#1086#1087#1077#1088#1072#1094#1080#1103#1084':')
            DeleteEmptyLinesAtEnd = False
            DeleteEmptyLines = False
            CanResizeX = False
            CanResizeY = False
            hAlign = prhLeft
            vAlign = prvTop
            DefaultFont = True
            WordWrap = False
          end>
        dRec.Left = 1
        dRec.Top = 1
        dRec.Right = 47
        dRec.Bottom = 2
        Visible = False
      end
    end
  end
  object GroupOther: TprGroup
    Valid = 'TableGroupOper.Other'
    DetailBand = prTxHDetailBand1
  end
  object GroupNal: TprGroup
    Valid = 'UID(TableGroupOper.OTHER, TableGroupOper.NAL)'
    DetailBand = prTxHDetailBand1
  end
  object GroupInk: TprGroup
    Valid = 'UID(TableGroupOper.NAL, TableGroupOper.INK)'
    DetailBand = prTxHDetailBand1
  end
end
