object TprTxReport
  ShowProgress = True
  FromPage = 1
  ToPage = 1
  Values = <
    item
      Group = GroupNal
      Name = 'prNalSka'
      AggFunction = prafSum
      Formula = 'Table.ska'
      ResetOn = rvtGroup
      CalcOn = cvtDataSetNext
      DataSetName = 'Table'
    end
    item
      Group = GroupNal
      Name = 'prNalPn'
      AggFunction = prafSum
      Formula = 'Table.pn'
      ResetOn = rvtGroup
      CalcOn = cvtDataSetNext
      DataSetName = 'Table'
    end
    item
      Group = GroupOther
      Name = 'prOtherSka'
      AggFunction = prafSum
      Formula = 'Table.ska'
      ResetOn = rvtGroup
      CalcOn = cvtDataSetNext
      DataSetName = 'Table'
    end
    item
      Group = GroupOther
      Name = 'prOtherPn'
      AggFunction = prafSum
      Formula = 'Table.pn'
      ResetOn = rvtGroup
      CalcOn = cvtDataSetNext
      DataSetName = 'Table'
    end
    item
      Group = GroupTrest
      Name = 'prTrestSka'
      AggFunction = prafSum
      Formula = 'Table.ska'
      ResetOn = rvtGroup
      CalcOn = cvtDataSetNext
      DataSetName = 'Table'
    end
    item
      Group = GroupTrest
      Name = 'prTrestPn'
      AggFunction = prafSum
      Formula = 'Table.pn'
      ResetOn = rvtGroup
      CalcOn = cvtDataSetNext
      DataSetName = 'Table'
    end
    item
      Group = GroupInk
      Name = 'prInkSka'
      AggFunction = prafSum
      Formula = 'Table.ska'
      ResetOn = rvtGroup
      CalcOn = cvtDataSetNext
      DataSetName = 'Table'
    end
    item
      Group = GroupInk
      Name = 'prInkPn'
      AggFunction = prafSum
      Formula = 'Table.pn'
      ResetOn = rvtGroup
      CalcOn = cvtDataSetNext
      DataSetName = 'Table'
    end>
  Variables = <>
  PrinterName = 'Epson DFX-8000'
  ESCModelName = #1055#1088#1080#1085#1090#1077#1088#1099' '#1092#1080#1088#1084#1099' Epson'
  EjectPageAfterPrint = False
  PaperType = ptRulon
  Left = 96
  Top = 288
  SystemInfo = (
    'OS: WIN32_NT 5.0.2195 Service Pack 4'
    ''
    'PageSize: 4096'
    'ActiveProcessorMask: $1000'
    'NumberOfProcessors: 1'
    'ProcessorType: 586'
    ''
    'Compiler version: Delphi7'
    'PReport version: 1.83.2')
  object prTxPage1: TprTxPage
    PageType = tptRoll
    LineNum = 60
    ColNum = 233
    DefTxFontOptionsEx = (
      tfoCondensed)
    object prTxHDetailBand1: TprTxHDetailBand
      Height = 1
      UseVerticalBands = False
      DataSetName = 'Table'
      ColCount = 1
      ColDirection = prcdTopBottomLeftRight
      Groups = (
        'GroupTrest'
        'GroupOther'
        'GroupNal'
        'GroupInk')
      object prTxMemoObj4: TprTxMemoObj
        dRec.DefVersion = 0
        dRec.Versions = <
          item
            Visible = True
            Memo.Strings = (
              '[Table.naim]')
            DeleteEmptyLinesAtEnd = False
            DeleteEmptyLines = False
            CanResizeX = False
            CanResizeY = False
            hAlign = prhLeft
            vAlign = prvTop
            DefaultFont = True
            WordWrap = False
          end>
        dRec.Left = 8
        dRec.Top = 0
        dRec.Right = 34
        dRec.Bottom = 1
        Visible = False
      end
      object prTxMemoObj5: TprTxMemoObj
        dRec.DefVersion = 0
        dRec.Versions = <
          item
            Visible = True
            Memo.Strings = (
              '[Table.ska]')
            DeleteEmptyLinesAtEnd = False
            DeleteEmptyLines = False
            CanResizeX = False
            CanResizeY = False
            hAlign = prhRight
            vAlign = prvTop
            DefaultFont = True
            WordWrap = False
          end>
        dRec.Left = 38
        dRec.Top = 0
        dRec.Right = 53
        dRec.Bottom = 1
        Visible = False
      end
      object prTxMemoObj6: TprTxMemoObj
        dRec.DefVersion = 0
        dRec.Versions = <
          item
            Visible = True
            Memo.Strings = (
              '[round(Table.pn,2)]')
            DeleteEmptyLinesAtEnd = False
            DeleteEmptyLines = False
            CanResizeX = False
            CanResizeY = False
            hAlign = prhRight
            vAlign = prvTop
            DefaultFont = True
            WordWrap = False
          end>
        dRec.Left = 55
        dRec.Top = 0
        dRec.Right = 70
        dRec.Bottom = 1
        Visible = False
      end
    end
    object prTxHGroupHeaderBand1: TprTxHGroupHeaderBand
      Height = 3
      UseVerticalBands = False
      Group = GroupTrest
      ColCount = 0
      ColDirection = prcdTopBottomLeftRight
      LinkToDetail = False
      StartNewPage = False
      ReprintOnEachPage = False
      object prTxMemoObj1: TprTxMemoObj
        dRec.DefVersion = 0
        dRec.Versions = <
          item
            Visible = True
            Memo.Strings = (
              '[iif(KD_trest.Locate("TREST",Table.TREST),KD_trest.NAME_TR,"")]')
            DeleteEmptyLinesAtEnd = False
            DeleteEmptyLines = False
            CanResizeX = False
            CanResizeY = False
            hAlign = prhLeft
            vAlign = prvTop
            DefaultFont = True
            WordWrap = False
            TxFontOptionsEx = (
              tfoBold)
          end>
        dRec.Left = 6
        dRec.Top = 1
        dRec.Right = 32
        dRec.Bottom = 2
        Visible = False
      end
      object prTxMemoObj7: TprTxMemoObj
        dRec.DefVersion = 0
        dRec.Versions = <
          item
            Visible = True
            Memo.Strings = (
              #1054#1055#1051#1040#1058#1040)
            DeleteEmptyLinesAtEnd = False
            DeleteEmptyLines = False
            CanResizeX = False
            CanResizeY = False
            hAlign = prhRight
            vAlign = prvTop
            DefaultFont = True
            WordWrap = False
          end>
        dRec.Left = 38
        dRec.Top = 1
        dRec.Right = 53
        dRec.Bottom = 2
        Visible = False
      end
      object prTxMemoObj8: TprTxMemoObj
        dRec.DefVersion = 0
        dRec.Versions = <
          item
            Visible = True
            Memo.Strings = (
              #1055#1045#1053#1071)
            DeleteEmptyLinesAtEnd = False
            DeleteEmptyLines = False
            CanResizeX = False
            CanResizeY = False
            hAlign = prhRight
            vAlign = prvTop
            DefaultFont = True
            WordWrap = False
          end>
        dRec.Left = 55
        dRec.Top = 1
        dRec.Right = 70
        dRec.Bottom = 2
        Visible = False
      end
      object prTxMemoObj9: TprTxMemoObj
        dRec.DefVersion = 0
        dRec.Versions = <
          item
            Visible = True
            Memo.Strings = (
              
                '----------------------------------------------------------------' +
                '------')
            DeleteEmptyLinesAtEnd = False
            DeleteEmptyLines = False
            CanResizeX = False
            CanResizeY = False
            hAlign = prhLeft
            vAlign = prvTop
            DefaultFont = True
            WordWrap = False
          end>
        dRec.Left = 0
        dRec.Top = 2
        dRec.Right = 80
        dRec.Bottom = 3
        Visible = False
      end
      object prTxMemoObj10: TprTxMemoObj
        dRec.DefVersion = 0
        dRec.Versions = <
          item
            Visible = True
            Memo.Strings = (
              #1058#1088#1077#1089#1090':')
            DeleteEmptyLinesAtEnd = False
            DeleteEmptyLines = False
            CanResizeX = False
            CanResizeY = False
            hAlign = prhLeft
            vAlign = prvTop
            DefaultFont = True
            WordWrap = False
          end>
        dRec.Left = 0
        dRec.Top = 1
        dRec.Right = 6
        dRec.Bottom = 2
        Visible = False
      end
    end
    object prTxHGroupHeaderBand2: TprTxHGroupHeaderBand
      Height = 1
      UseVerticalBands = False
      Group = GroupOther
      ColCount = 0
      ColDirection = prcdTopBottomLeftRight
      LinkToDetail = False
      StartNewPage = False
      ReprintOnEachPage = False
      object prTxMemoObj2: TprTxMemoObj
        dRec.DefVersion = 0
        dRec.Versions = <
          item
            Visible = True
            Memo.Strings = (
              '[iif(Table.OTHER=1,"'#1046#1080#1083#1100#1077' '#1080' '#1082#1086#1084#1084'.'#1091#1089#1083'.:","'#1054#1089#1090#1072#1083#1100#1085#1099#1077' '#1087#1083#1072#1090#1077#1078#1080':")]')
            DeleteEmptyLinesAtEnd = False
            DeleteEmptyLines = False
            CanResizeX = False
            CanResizeY = False
            hAlign = prhLeft
            vAlign = prvTop
            DefaultFont = True
            WordWrap = False
          end>
        dRec.Left = 0
        dRec.Top = 0
        dRec.Right = 30
        dRec.Bottom = 1
        Visible = False
      end
    end
    object prTxHGroupHeaderBand3: TprTxHGroupHeaderBand
      Height = 1
      UseVerticalBands = False
      Group = GroupNal
      ColCount = 0
      ColDirection = prcdTopBottomLeftRight
      LinkToDetail = False
      StartNewPage = False
      ReprintOnEachPage = False
      object prTxMemoObj3: TprTxMemoObj
        dRec.DefVersion = 0
        dRec.Versions = <
          item
            Visible = True
            Memo.Strings = (
              '[iif(Table.NAL="0","'#1057#1074#1086#1080':","'#1063#1091#1078#1080#1077':")]'
              '')
            DeleteEmptyLinesAtEnd = False
            DeleteEmptyLines = False
            CanResizeX = False
            CanResizeY = False
            hAlign = prhLeft
            vAlign = prvTop
            DefaultFont = True
            WordWrap = False
          end>
        dRec.Left = 3
        dRec.Top = 0
        dRec.Right = 34
        dRec.Bottom = 1
        Visible = False
      end
    end
    object prTxHGroupFooterBand1: TprTxHGroupFooterBand
      Height = 1
      UseVerticalBands = False
      Group = GroupNal
      ColCount = 0
      ColDirection = prcdTopBottomLeftRight
      LinkToDetail = False
      object prTxMemoObj11: TprTxMemoObj
        dRec.DefVersion = 0
        dRec.Versions = <
          item
            Visible = True
            Memo.Strings = (
              '[prNalSka]')
            DeleteEmptyLinesAtEnd = False
            DeleteEmptyLines = False
            CanResizeX = False
            CanResizeY = False
            hAlign = prhRight
            vAlign = prvTop
            DefaultFont = True
            WordWrap = False
          end>
        dRec.Left = 38
        dRec.Top = 0
        dRec.Right = 53
        dRec.Bottom = 1
        Visible = False
      end
      object prTxMemoObj12: TprTxMemoObj
        dRec.DefVersion = 0
        dRec.Versions = <
          item
            Visible = True
            Memo.Strings = (
              '[round(prNalPn,2)]')
            DeleteEmptyLinesAtEnd = False
            DeleteEmptyLines = False
            CanResizeX = False
            CanResizeY = False
            hAlign = prhRight
            vAlign = prvTop
            DefaultFont = True
            WordWrap = False
          end>
        dRec.Left = 55
        dRec.Top = 0
        dRec.Right = 70
        dRec.Bottom = 1
        Visible = False
      end
      object prTxMemoObj13: TprTxMemoObj
        dRec.DefVersion = 0
        dRec.Versions = <
          item
            Visible = True
            Memo.Strings = (
              #1048#1090#1086#1075#1086' '#1087#1086' :[iif(Table.NAL="0","'#1057#1074#1086#1080#1084':","'#1063#1091#1078#1080#1084':")]')
            DeleteEmptyLinesAtEnd = False
            DeleteEmptyLines = False
            CanResizeX = False
            CanResizeY = False
            hAlign = prhLeft
            vAlign = prvTop
            DefaultFont = True
            WordWrap = False
          end>
        dRec.Left = 3
        dRec.Top = 0
        dRec.Right = 34
        dRec.Bottom = 1
        Visible = False
      end
    end
    object prTxHGroupFooterBand2: TprTxHGroupFooterBand
      Height = 2
      UseVerticalBands = False
      Group = GroupOther
      ColCount = 0
      ColDirection = prcdTopBottomLeftRight
      LinkToDetail = False
      object prTxMemoObj16: TprTxMemoObj
        dRec.DefVersion = 0
        dRec.Versions = <
          item
            Visible = True
            Memo.Strings = (
              
                #1048#1090#1086#1075#1086' '#1087#1086' '#1074#1080#1076#1091':[iif(Table.OTHER=1,"'#1046#1080#1083#1100#1077' '#1080' '#1082#1086#1084#1084'.'#1091#1089#1083'.:","'#1054#1089#1090#1072#1083#1100#1085#1099#1077 +
                ' '#1087#1083#1072#1090#1077#1078#1080':")]')
            DeleteEmptyLinesAtEnd = False
            DeleteEmptyLines = False
            CanResizeX = False
            CanResizeY = False
            hAlign = prhLeft
            vAlign = prvTop
            DefaultFont = True
            WordWrap = False
          end>
        dRec.Left = 0
        dRec.Top = 1
        dRec.Right = 31
        dRec.Bottom = 2
        Visible = False
      end
      object prTxMemoObj14: TprTxMemoObj
        dRec.DefVersion = 0
        dRec.Versions = <
          item
            Visible = True
            Memo.Strings = (
              '[prOtherSka]')
            DeleteEmptyLinesAtEnd = False
            DeleteEmptyLines = False
            CanResizeX = False
            CanResizeY = False
            hAlign = prhRight
            vAlign = prvTop
            DefaultFont = True
            WordWrap = False
          end>
        dRec.Left = 38
        dRec.Top = 1
        dRec.Right = 53
        dRec.Bottom = 2
        Visible = False
      end
      object prTxMemoObj15: TprTxMemoObj
        dRec.DefVersion = 0
        dRec.Versions = <
          item
            Visible = True
            Memo.Strings = (
              '[round(prOtherPn,2)]')
            DeleteEmptyLinesAtEnd = False
            DeleteEmptyLines = False
            CanResizeX = False
            CanResizeY = False
            hAlign = prhRight
            vAlign = prvTop
            DefaultFont = True
            WordWrap = False
          end>
        dRec.Left = 55
        dRec.Top = 1
        dRec.Right = 70
        dRec.Bottom = 2
        Visible = False
      end
      object prTxMemoObj28: TprTxMemoObj
        dRec.DefVersion = 0
        dRec.Versions = <
          item
            Visible = True
            Memo.Strings = (
              
                '----------------------------------------------------------------' +
                '------')
            DeleteEmptyLinesAtEnd = False
            DeleteEmptyLines = False
            CanResizeX = False
            CanResizeY = False
            hAlign = prhLeft
            vAlign = prvTop
            DefaultFont = False
            WordWrap = False
          end>
        dRec.Left = 0
        dRec.Top = 0
        dRec.Right = 81
        dRec.Bottom = 1
        Visible = False
      end
    end
    object prTxHGroupFooterBand3: TprTxHGroupFooterBand
      Height = 2
      UseVerticalBands = False
      Group = GroupTrest
      ColCount = 0
      ColDirection = prcdTopBottomLeftRight
      LinkToDetail = False
      object prTxMemoObj18: TprTxMemoObj
        dRec.DefVersion = 0
        dRec.Versions = <
          item
            Visible = True
            Memo.Strings = (
              '[round(prTrestSka,2)]')
            DeleteEmptyLinesAtEnd = False
            DeleteEmptyLines = False
            CanResizeX = False
            CanResizeY = False
            hAlign = prhRight
            vAlign = prvTop
            DefaultFont = True
            WordWrap = False
            TxFontOptionsEx = (
              tfoBold)
          end>
        dRec.Left = 38
        dRec.Top = 1
        dRec.Right = 53
        dRec.Bottom = 2
        Visible = False
      end
      object prTxMemoObj19: TprTxMemoObj
        dRec.DefVersion = 0
        dRec.Versions = <
          item
            Visible = True
            Memo.Strings = (
              '[round(prTrestPn,2)]')
            DeleteEmptyLinesAtEnd = False
            DeleteEmptyLines = False
            CanResizeX = False
            CanResizeY = False
            hAlign = prhRight
            vAlign = prvTop
            DefaultFont = True
            WordWrap = False
            TxFontOptionsEx = (
              tfoBold)
          end>
        dRec.Left = 55
        dRec.Top = 1
        dRec.Right = 70
        dRec.Bottom = 2
        Visible = False
      end
      object prTxMemoObj21: TprTxMemoObj
        dRec.DefVersion = 0
        dRec.Versions = <
          item
            Visible = True
            Memo.Strings = (
              #1048#1090#1086#1075#1086' '#1087#1086' '#1090#1088#1077#1089#1090#1091':')
            DeleteEmptyLinesAtEnd = False
            DeleteEmptyLines = False
            CanResizeX = False
            CanResizeY = False
            hAlign = prhLeft
            vAlign = prvTop
            DefaultFont = True
            WordWrap = False
            TxFontOptionsEx = (
              tfoBold)
          end>
        dRec.Left = 19
        dRec.Top = 1
        dRec.Right = 34
        dRec.Bottom = 2
        Visible = False
      end
      object prTxMemoObj32: TprTxMemoObj
        dRec.DefVersion = 0
        dRec.Versions = <
          item
            Visible = True
            Memo.Strings = (
              #1048#1090#1086#1075#1086' '#1087#1086' '#1090#1088#1077#1089#1090#1091'('#1080#1085#1082#1072#1089'.)')
            DeleteEmptyLinesAtEnd = False
            DeleteEmptyLines = False
            CanResizeX = False
            CanResizeY = False
            hAlign = prhLeft
            vAlign = prvTop
            DefaultFont = True
            WordWrap = False
            TxFontOptionsEx = (
              tfoBold)
          end>
        dRec.Left = 14
        dRec.Top = 0
        dRec.Right = 34
        dRec.Bottom = 1
        Visible = False
      end
      object prTxMemoObj33: TprTxMemoObj
        dRec.DefVersion = 0
        dRec.Versions = <
          item
            Visible = True
            Memo.Strings = (
              
                '[round(iif(ItogInkTrest.Locate("TREST",Table.TREST),ItogInkTrest' +
                '.ska,0),2)]')
            DeleteEmptyLinesAtEnd = False
            DeleteEmptyLines = False
            CanResizeX = False
            CanResizeY = False
            hAlign = prhRight
            vAlign = prvTop
            DefaultFont = True
            WordWrap = False
            TxFontOptionsEx = (
              tfoBold)
          end>
        dRec.Left = 38
        dRec.Top = 0
        dRec.Right = 53
        dRec.Bottom = 1
        Visible = False
      end
      object prTxMemoObj34: TprTxMemoObj
        dRec.DefVersion = 0
        dRec.Versions = <
          item
            Visible = True
            Memo.Strings = (
              
                '[round(iif(ItogInkTrest.Locate("TREST",Table.TREST),ItogInkTrest' +
                '.pn,0),2)]')
            DeleteEmptyLinesAtEnd = False
            DeleteEmptyLines = False
            CanResizeX = False
            CanResizeY = False
            hAlign = prhRight
            vAlign = prvTop
            DefaultFont = True
            WordWrap = False
            TxFontOptionsEx = (
              tfoBold)
          end>
        dRec.Left = 55
        dRec.Top = 0
        dRec.Right = 70
        dRec.Bottom = 1
        Visible = False
      end
    end
    object prTxHTitleBand1: TprTxHTitleBand
      Height = 5
      UseVerticalBands = False
      object prTxMemoObj17: TprTxMemoObj
        dRec.DefVersion = 0
        dRec.Versions = <
          item
            Visible = True
            Memo.Strings = (
              
                #1057#1087#1088#1072#1074#1082#1072' '#1086' '#1089#1086#1073#1088#1072#1085#1085#1099#1093' '#1087#1083#1072#1090#1077#1078#1072#1093' '#1079#1072' '#1078#1080#1083#1100#1077' '#1080' '#1082#1086#1084#1084#1091#1085#1072#1083#1100#1085#1099#1077' '#1091#1089#1083#1091#1075#1080' ('#1087#1086' ' +
                #1086#1087#1077#1088#1072#1094#1080#1103#1084') '#1079#1072' '#1087#1077#1088#1080#1086#1076' '#1089' [OD_itog.MG1] '#1087#1086' [OD_itog.MG2] '#1087#1086' [OD_ito' +
                'g.nametype] [OD_itog.name] [OD_itog.otchet] ')
            DeleteEmptyLinesAtEnd = False
            DeleteEmptyLines = False
            CanResizeX = False
            CanResizeY = False
            hAlign = prhLeft
            vAlign = prvTop
            DefaultFont = True
            WordWrap = True
          end>
        dRec.Left = 1
        dRec.Top = 2
        dRec.Right = 96
        dRec.Bottom = 4
        Visible = False
      end
      object prTxMemoObj27: TprTxMemoObj
        dRec.DefVersion = 0
        dRec.Versions = <
          item
            Visible = True
            Memo.Strings = (
              '####')
            DeleteEmptyLinesAtEnd = False
            DeleteEmptyLines = False
            CanResizeX = False
            CanResizeY = False
            hAlign = prhLeft
            vAlign = prvTop
            DefaultFont = False
            WordWrap = False
          end>
        dRec.Left = 0
        dRec.Top = 0
        dRec.Right = 10
        dRec.Bottom = 1
        Visible = False
      end
      object prTxMemoObj29: TprTxMemoObj
        dRec.DefVersion = 0
        dRec.Versions = <
          item
            Visible = True
            Memo.Strings = (
              #1076#1072#1090#1072' '#1087#1077#1095#1072#1090#1080': [StartDateTime]')
            DeleteEmptyLinesAtEnd = False
            DeleteEmptyLines = False
            CanResizeX = False
            CanResizeY = False
            hAlign = prhLeft
            vAlign = prvTop
            DefaultFont = True
            WordWrap = False
          end>
        dRec.Left = 71
        dRec.Top = 0
        dRec.Right = 100
        dRec.Bottom = 1
        Visible = False
      end
    end
    object prTxHSummaryBand1: TprTxHSummaryBand
      Height = 4
      UseVerticalBands = False
      object prTxMemoObj20: TprTxMemoObj
        dRec.DefVersion = 0
        dRec.Versions = <
          item
            Visible = True
            Memo.Strings = (
              #1048#1090#1086#1075#1086' '#1087#1086' '#1086#1090#1095#1077#1090#1091' ('#1087#1086' '#1086#1087#1083#1072#1090#1077'):')
            DeleteEmptyLinesAtEnd = False
            DeleteEmptyLines = False
            CanResizeX = False
            CanResizeY = False
            hAlign = prhLeft
            vAlign = prvTop
            DefaultFont = True
            WordWrap = False
          end>
        dRec.Left = 0
        dRec.Top = 1
        dRec.Right = 38
        dRec.Bottom = 2
        Visible = False
      end
      object prTxMemoObj22: TprTxMemoObj
        dRec.DefVersion = 0
        dRec.Versions = <
          item
            Visible = True
            Memo.Strings = (
              '[round(Itog.ska,2)]')
            DeleteEmptyLinesAtEnd = False
            DeleteEmptyLines = False
            CanResizeX = False
            CanResizeY = False
            hAlign = prhRight
            vAlign = prvTop
            DefaultFont = True
            WordWrap = False
            TxFontOptionsEx = (
              tfoBold)
          end>
        dRec.Left = 38
        dRec.Top = 1
        dRec.Right = 53
        dRec.Bottom = 2
        Visible = False
      end
      object prTxMemoObj23: TprTxMemoObj
        dRec.DefVersion = 0
        dRec.Versions = <
          item
            Visible = True
            Memo.Strings = (
              '[round(Itog.pn,2)]')
            DeleteEmptyLinesAtEnd = False
            DeleteEmptyLines = False
            CanResizeX = False
            CanResizeY = False
            hAlign = prhRight
            vAlign = prvTop
            DefaultFont = True
            WordWrap = False
            TxFontOptionsEx = (
              tfoBold)
          end>
        dRec.Left = 55
        dRec.Top = 1
        dRec.Right = 70
        dRec.Bottom = 2
        Visible = False
      end
      object prTxMemoObj24: TprTxMemoObj
        dRec.DefVersion = 0
        dRec.Versions = <
          item
            Visible = True
            Memo.Strings = (
              #1048#1090#1086#1075#1086' '#1087#1086' '#1086#1090#1095#1077#1090#1091' ('#1087#1086' '#1080#1085#1082#1072#1089#1089'.):')
            DeleteEmptyLinesAtEnd = False
            DeleteEmptyLines = False
            CanResizeX = False
            CanResizeY = False
            hAlign = prhLeft
            vAlign = prvTop
            DefaultFont = True
            WordWrap = False
          end>
        dRec.Left = 0
        dRec.Top = 2
        dRec.Right = 38
        dRec.Bottom = 3
        Visible = False
      end
      object prTxMemoObj25: TprTxMemoObj
        dRec.DefVersion = 0
        dRec.Versions = <
          item
            Visible = True
            Memo.Strings = (
              '[round(ItogInk.ska,2)]')
            DeleteEmptyLinesAtEnd = False
            DeleteEmptyLines = False
            CanResizeX = False
            CanResizeY = False
            hAlign = prhRight
            vAlign = prvTop
            DefaultFont = True
            WordWrap = False
            TxFontOptionsEx = (
              tfoBold)
          end>
        dRec.Left = 38
        dRec.Top = 2
        dRec.Right = 53
        dRec.Bottom = 3
        Visible = False
      end
      object prTxMemoObj26: TprTxMemoObj
        dRec.DefVersion = 0
        dRec.Versions = <
          item
            Visible = True
            Memo.Strings = (
              '[round(ItogInk.pn,2)]')
            DeleteEmptyLinesAtEnd = False
            DeleteEmptyLines = False
            CanResizeX = False
            CanResizeY = False
            hAlign = prhRight
            vAlign = prvTop
            DefaultFont = True
            WordWrap = False
            TxFontOptionsEx = (
              tfoBold)
          end>
        dRec.Left = 55
        dRec.Top = 2
        dRec.Right = 70
        dRec.Bottom = 3
        Visible = False
      end
      object prTxMemoObj38: TprTxMemoObj
        dRec.DefVersion = 0
        dRec.Versions = <
          item
            Visible = True
            Memo.Strings = (
              #1048#1090#1086#1075#1086' '#1087#1086' '#1046#1080#1083#1100#1102' '#1080' '#1082#1086#1084#1084'.'#1091#1089#1083'.('#1087#1086' '#1080#1085#1082#1072#1089#1089'.):')
            DeleteEmptyLinesAtEnd = False
            DeleteEmptyLines = False
            CanResizeX = False
            CanResizeY = False
            hAlign = prhLeft
            vAlign = prvTop
            DefaultFont = True
            WordWrap = False
          end>
        dRec.Left = 0
        dRec.Top = 3
        dRec.Right = 38
        dRec.Bottom = 4
        Visible = False
      end
      object prTxMemoObj39: TprTxMemoObj
        dRec.DefVersion = 0
        dRec.Versions = <
          item
            Visible = True
            Memo.Strings = (
              '[round(ItogGil.ska,2)]')
            DeleteEmptyLinesAtEnd = False
            DeleteEmptyLines = False
            CanResizeX = False
            CanResizeY = False
            hAlign = prhRight
            vAlign = prvTop
            DefaultFont = True
            WordWrap = False
            TxFontOptionsEx = (
              tfoBold)
          end>
        dRec.Left = 38
        dRec.Top = 3
        dRec.Right = 53
        dRec.Bottom = 4
        Visible = False
      end
      object prTxMemoObj40: TprTxMemoObj
        dRec.DefVersion = 0
        dRec.Versions = <
          item
            Visible = True
            Memo.Strings = (
              '[round(ItogGil.pn,2)]')
            DeleteEmptyLinesAtEnd = False
            DeleteEmptyLines = False
            CanResizeX = False
            CanResizeY = False
            hAlign = prhRight
            vAlign = prvTop
            DefaultFont = True
            WordWrap = False
            TxFontOptionsEx = (
              tfoBold)
          end>
        dRec.Left = 55
        dRec.Top = 3
        dRec.Right = 70
        dRec.Bottom = 4
        Visible = False
      end
      object prTxMemoObj31: TprTxMemoObj
        dRec.DefVersion = 0
        dRec.Versions = <
          item
            Visible = True
            Memo.Strings = (
              
                '----------------------------------------------------------------' +
                '------')
            DeleteEmptyLinesAtEnd = False
            DeleteEmptyLines = False
            CanResizeX = False
            CanResizeY = False
            hAlign = prhLeft
            vAlign = prvTop
            DefaultFont = False
            WordWrap = False
          end>
        dRec.Left = 0
        dRec.Top = 0
        dRec.Right = 81
        dRec.Bottom = 1
        Visible = False
      end
    end
    object prTxHGroupFooterBand4: TprTxHGroupFooterBand
      Height = 1
      UseVerticalBands = False
      Group = GroupInk
      ColCount = 1
      ColDirection = prcdTopBottomLeftRight
      LinkToDetail = False
      object prTxMemoObj41: TprTxMemoObj
        dRec.DefVersion = 0
        dRec.Versions = <
          item
            Visible = True
            Memo.Strings = (
              #1048#1090#1086#1075#1086' '#1087#1086' :[iif(Table.INK="1","'#1053#1072#1083#1080#1095#1085':","'#1041#1077#1079#1085#1072#1083':")]')
            DeleteEmptyLinesAtEnd = False
            DeleteEmptyLines = False
            CanResizeX = False
            CanResizeY = False
            hAlign = prhLeft
            vAlign = prvTop
            DefaultFont = True
            WordWrap = False
          end>
        dRec.Left = 7
        dRec.Top = 0
        dRec.Right = 34
        dRec.Bottom = 1
        Visible = False
      end
      object prTxMemoObj36: TprTxMemoObj
        dRec.DefVersion = 0
        dRec.Versions = <
          item
            Visible = True
            Memo.Strings = (
              
                '[iif(Table2.Locate("TREST",Table.TREST,"OTHER",Table.OTHER,"NAL"' +
                ',Table.NAL,"INK",Table.INK),Table2.SKA,0)]')
            DeleteEmptyLinesAtEnd = False
            DeleteEmptyLines = False
            CanResizeX = False
            CanResizeY = False
            hAlign = prhRight
            vAlign = prvTop
            DefaultFont = True
            WordWrap = False
          end>
        dRec.Left = 38
        dRec.Top = 0
        dRec.Right = 53
        dRec.Bottom = 1
        Visible = False
      end
      object prTxMemoObj37: TprTxMemoObj
        dRec.DefVersion = 0
        dRec.Versions = <
          item
            Visible = True
            Memo.Strings = (
              
                '[round(iif(Table2.Locate("TREST",Table.TREST,"OTHER",Table.OTHER' +
                ',"NAL",Table.NAL,"INK",Table.INK),Table2.PN,0),2)]')
            DeleteEmptyLinesAtEnd = False
            DeleteEmptyLines = False
            CanResizeX = False
            CanResizeY = False
            hAlign = prhRight
            vAlign = prvTop
            DefaultFont = True
            WordWrap = False
          end>
        dRec.Left = 55
        dRec.Top = 0
        dRec.Right = 70
        dRec.Bottom = 1
        Visible = False
      end
    end
    object prTxHGroupHeaderBand4: TprTxHGroupHeaderBand
      Height = 1
      UseVerticalBands = False
      Group = GroupInk
      ColCount = 1
      ColDirection = prcdTopBottomLeftRight
      LinkToDetail = True
      StartNewPage = False
      ReprintOnEachPage = False
      object prTxMemoObj35: TprTxMemoObj
        dRec.DefVersion = 0
        dRec.Versions = <
          item
            Visible = True
            Memo.Strings = (
              '[iif(Table.INK="1","'#1053#1072#1083#1080#1095#1085':","'#1041#1077#1079#1085#1072#1083':")]')
            DeleteEmptyLinesAtEnd = False
            DeleteEmptyLines = False
            CanResizeX = False
            CanResizeY = False
            hAlign = prhLeft
            vAlign = prvTop
            DefaultFont = True
            WordWrap = False
          end>
        dRec.Left = 3
        dRec.Top = 0
        dRec.Right = 34
        dRec.Bottom = 1
        Visible = False
      end
    end
  end
  object GroupTrest: TprGroup
    Valid = 'Table.TREST'
    DetailBand = prTxHDetailBand1
  end
  object GroupOther: TprGroup
    Valid = 'UID(Table.TREST, Table.Other)'
    DetailBand = prTxHDetailBand1
  end
  object GroupNal: TprGroup
    Valid = 'UID(Table.OTHER, Table.NAL)'
    DetailBand = prTxHDetailBand1
  end
  object GroupInk: TprGroup
    Valid = 'UID(Table.NAL, Table.INK)'
    DetailBand = prTxHDetailBand1
  end
end
