object TprTxReport
  ShowProgress = True
  FromPage = 1
  ToPage = 1
  ExportOptions = [preoShowParamsDlg, preoShowProgress, preoShowAfterGenerate, preoShowWhileGenerate]
  Values = <
    item
      Group = prOrgGroup1
      Name = 'prItogTr1'
      AggFunction = prafSum
      Formula = 
        'iif( Table.Locate("NAME", VertDataset.name,"USLK", HorDataset.us' +
        'lk,"trest", KD_Trest.trest), Table.summ,0)'
      ResetOn = rvtDataSetEof
      CalcOn = cvtCrossTab
      DataSetName = 'HorDataset'
      ResetDataSetName = 'HorDataset'
      CrossTabHorzDataSetName = 'KD_Trest'
    end
    item
      Group = prOrgGroup1
      Name = 'prValue1'
      AggFunction = prafSum
      Formula = 
        'iif( Table.Locate("NAME", VertDataset.name,"USLK", HorDataset.us' +
        'lk,"trest", KD_Trest.trest), Table.summ,0)'
      ResetOn = rvtDataSetEof
      CalcOn = cvtDataSetNext
      DataSetName = 'KD_Trest'
      ResetDataSetName = 'KD_Trest'
      CrossTabHorzDataSetName = 'VertDataset'
    end
    item
      Name = 'prDate1'
      AggFunction = prafMax
      Formula = 'TDateRange.dat'
      ResetOn = rvtDataSetEof
      CalcOn = cvtDataSetNext
      DataSetName = 'TDateRange'
      ResetDataSetName = 'TDateRange'
    end>
  Variables = <>
  PrinterName = 'Epson DFX-8000'
  ESCModelName = #1055#1088#1080#1085#1090#1077#1088#1099' '#1092#1080#1088#1084#1099' Epson'
  EjectPageAfterPrint = False
  PaperType = ptRulon
  Left = 64
  Top = 256
  SystemInfo = (
    'OS: WIN32_NT 5.0.2195 Service Pack 4'
    ''
    'PageSize: 4096'
    'ActiveProcessorMask: $1000'
    'NumberOfProcessors: 1'
    'ProcessorType: 586'
    ''
    'Compiler version: Delphi7'
    'PReport version: 1.83.2')
  object prTxPage1: TprTxPage
    PageType = tptRoll
    LineNum = 60
    ColNum = 233
    DefTxFontOptionsEx = (
      tfoCondensed)
    object prTxHDetailBand1: TprTxHDetailBand
      Height = 1
      UseVerticalBands = True
      DataSetName = 'VertDataset'
      ColCount = 0
      ColDirection = prcdTopBottomLeftRight
      Bands = (
        'prTxHDetailBand2'
        'prTxHDetailFooterBand1'
        'prTxHDetailHeaderBand1')
      object prTxMemoObj6: TprTxMemoObj
        dRec.DefVersion = 0
        dRec.Versions = <
          item
            Visible = True
            Memo.Strings = (
              '------------------------------------------')
            DeleteEmptyLinesAtEnd = False
            DeleteEmptyLines = False
            CanResizeX = False
            CanResizeY = False
            hAlign = prhLeft
            vAlign = prvTop
            DefaultFont = True
            WordWrap = False
          end>
        dRec.Left = 0
        dRec.Top = 0
        dRec.Right = 41
        dRec.Bottom = 1
        Visible = False
      end
      object prTxMemoObj11: TprTxMemoObj
        dRec.DefVersion = 0
        dRec.Versions = <
          item
            Visible = True
            Memo.Strings = (
              '-----------------')
            DeleteEmptyLinesAtEnd = False
            DeleteEmptyLines = False
            CanResizeX = False
            CanResizeY = False
            hAlign = prhLeft
            vAlign = prvTop
            DefaultFont = True
            WordWrap = False
          end>
        dRec.Left = 41
        dRec.Top = 0
        dRec.Right = 56
        dRec.Bottom = 1
        Visible = False
      end
      object prTxMemoObj14: TprTxMemoObj
        dRec.DefVersion = 0
        dRec.Versions = <
          item
            Visible = True
            Memo.Strings = (
              '-----------------')
            DeleteEmptyLinesAtEnd = False
            DeleteEmptyLines = False
            CanResizeX = False
            CanResizeY = False
            hAlign = prhLeft
            vAlign = prvTop
            DefaultFont = True
            WordWrap = False
          end>
        dRec.Left = 56
        dRec.Top = 0
        dRec.Right = 73
        dRec.Bottom = 1
        Visible = False
      end
    end
    object prTxHDetailBand2: TprTxHDetailBand
      VisibleFormula = 
        'iif(Table2.Locate("NAME",VertDataset.name,"USLK", HorDataset.usl' +
        'k),Table2.summ,0)<>0'
      Height = 1
      UseVerticalBands = True
      DataSetName = 'HorDataset'
      ColCount = 1
      ColDirection = prcdTopBottomLeftRight
      ParentDetail = prTxHDetailBand1
      Groups = (
        'prOrgGroup1')
      object prTxMemoObj3: TprTxMemoObj
        dRec.DefVersion = 0
        dRec.Versions = <
          item
            Visible = True
            Memo.Strings = (
              '[HorDataset.usl]')
            DeleteEmptyLinesAtEnd = False
            DeleteEmptyLines = False
            CanResizeX = False
            CanResizeY = False
            hAlign = prhLeft
            vAlign = prvTop
            DefaultFont = True
            WordWrap = False
          end>
        dRec.Left = 3
        dRec.Top = 0
        dRec.Right = 41
        dRec.Bottom = 1
        Visible = False
      end
      object prTxMemoObj2: TprTxMemoObj
        dRec.DefVersion = 0
        dRec.Versions = <
          item
            Visible = True
            Memo.Strings = (
              
                '[round(iif(Table.Locate("NAME",VertDataset.name,"USLK", HorDatas' +
                'et.uslk,"TREST", KD_Trest.trest),Table.summ,0),2)]')
            DeleteEmptyLinesAtEnd = False
            DeleteEmptyLines = False
            CanResizeX = False
            CanResizeY = False
            hAlign = prhRight
            vAlign = prvTop
            DefaultFont = True
            WordWrap = False
          end>
        dRec.Left = 41
        dRec.Top = 0
        dRec.Right = 56
        dRec.Bottom = 1
        Visible = False
      end
      object prTxMemoObj13: TprTxMemoObj
        dRec.DefVersion = 0
        dRec.Versions = <
          item
            Visible = True
            Memo.Strings = (
              '[round(prValue1,2)]')
            DeleteEmptyLinesAtEnd = False
            DeleteEmptyLines = False
            CanResizeX = False
            CanResizeY = False
            hAlign = prhRight
            vAlign = prvTop
            DefaultFont = True
            WordWrap = False
          end>
        dRec.Left = 56
        dRec.Top = 0
        dRec.Right = 73
        dRec.Bottom = 1
        Visible = False
      end
    end
    object prTxVDetailBand1: TprTxVDetailBand
      VisibleFormula = 'iif(Table7.Locate("TREST",KD_Trest.trest),Table7.summ,0)<>0'
      Width = 15
      UseHorizontalBands = True
      DataSetName = 'KD_Trest'
      Bands = (
        'prTxVDetailHeaderBand1'
        'prTxVDetailFooterBand1')
    end
    object prTxVDetailHeaderBand1: TprTxVDetailHeaderBand
      Width = 41
      UseHorizontalBands = True
      DetailBand = prTxVDetailBand1
      ReprintOnEachPage = False
      LinkToDetail = False
    end
    object prTxHGroupHeaderBand1: TprTxHGroupHeaderBand
      Height = 1
      UseVerticalBands = True
      Group = prOrgGroup1
      ColCount = 0
      ColDirection = prcdTopBottomLeftRight
      LinkToDetail = False
      StartNewPage = False
      ReprintOnEachPage = True
      object prTxMemoObj1: TprTxMemoObj
        dRec.DefVersion = 0
        dRec.Versions = <
          item
            Visible = True
            Memo.Strings = (
              '[VertDataset.name]')
            DeleteEmptyLinesAtEnd = False
            DeleteEmptyLines = False
            CanResizeX = False
            CanResizeY = False
            hAlign = prhLeft
            vAlign = prvTop
            DefaultFont = True
            WordWrap = False
            TxFontOptionsEx = (
              tfoBold)
          end>
        dRec.Left = 1
        dRec.Top = 0
        dRec.Right = 31
        dRec.Bottom = 1
        Visible = False
      end
    end
    object prTxHGroupFooterBand1: TprTxHGroupFooterBand
      Height = 1
      UseVerticalBands = True
      Group = prOrgGroup1
      ColCount = 1
      ColDirection = prcdTopBottomLeftRight
      LinkToDetail = True
      object prTxMemoObj9: TprTxMemoObj
        dRec.DefVersion = 0
        dRec.Versions = <
          item
            Visible = True
            Memo.Strings = (
              
                '[round(iif(Table3.Locate("NAME",VertDataset.name,"TREST", KD_Tre' +
                'st.trest),Table3.summ,0),2)]')
            DeleteEmptyLinesAtEnd = False
            DeleteEmptyLines = False
            CanResizeX = False
            CanResizeY = False
            hAlign = prhRight
            vAlign = prvTop
            DefaultFont = True
            WordWrap = False
          end>
        dRec.Left = 41
        dRec.Top = 0
        dRec.Right = 56
        dRec.Bottom = 1
        Visible = False
      end
      object prTxMemoObj15: TprTxMemoObj
        dRec.DefVersion = 0
        dRec.Versions = <
          item
            Visible = True
            Memo.Strings = (
              
                '[round(iif(Table4.Locate("NAME",VertDataset.name),Table4.summ,0)' +
                ',2)]')
            DeleteEmptyLinesAtEnd = False
            DeleteEmptyLines = False
            CanResizeX = False
            CanResizeY = False
            hAlign = prhRight
            vAlign = prvTop
            DefaultFont = True
            WordWrap = False
          end>
        dRec.Left = 56
        dRec.Top = 0
        dRec.Right = 73
        dRec.Bottom = 1
        Visible = False
      end
      object prTxMemoObj5: TprTxMemoObj
        dRec.DefVersion = 0
        dRec.Versions = <
          item
            Visible = True
            Memo.Strings = (
              #1048#1090#1086#1075#1086' '#1087#1086' '#1087#1088#1077#1076#1087#1088#1080#1103#1090#1080#1102':')
            DeleteEmptyLinesAtEnd = False
            DeleteEmptyLines = False
            CanResizeX = False
            CanResizeY = False
            hAlign = prhLeft
            vAlign = prvTop
            DefaultFont = True
            WordWrap = False
          end>
        dRec.Left = 0
        dRec.Top = 0
        dRec.Right = 41
        dRec.Bottom = 1
        Visible = False
      end
    end
    object prTxVDetailFooterBand1: TprTxVDetailFooterBand
      Width = 17
      UseHorizontalBands = True
      DetailBand = prTxVDetailBand1
      LinkToDetail = False
    end
    object prTxHPageFooterBand1: TprTxHPageFooterBand
      Height = 5
      UseVerticalBands = False
      PrintOnFirstPage = False
      PrintAfterLastBandOnPage = False
    end
    object prTxHDetailFooterBand1: TprTxHDetailFooterBand
      Height = 2
      UseVerticalBands = True
      DetailBand = prTxHDetailBand1
      ColCount = 0
      ColDirection = prcdTopBottomLeftRight
      LinkToDetail = False
      object prTxMemoObj18: TprTxMemoObj
        dRec.DefVersion = 0
        dRec.Versions = <
          item
            Visible = True
            Memo.Strings = (
              
                '[round(iif(Table5.Locate("TREST", KD_Trest.trest),Table5.summ,0)' +
                ',2)]')
            DeleteEmptyLinesAtEnd = False
            DeleteEmptyLines = False
            CanResizeX = False
            CanResizeY = False
            hAlign = prhRight
            vAlign = prvTop
            DefaultFont = True
            WordWrap = False
            TxFontOptionsEx = (
              tfoCondensed
              tfoBold)
          end>
        dRec.Left = 41
        dRec.Top = 1
        dRec.Right = 56
        dRec.Bottom = 2
        Visible = False
      end
      object prTxMemoObj19: TprTxMemoObj
        dRec.DefVersion = 0
        dRec.Versions = <
          item
            Visible = True
            Memo.Strings = (
              '[round(Table6.summ,2)]')
            DeleteEmptyLinesAtEnd = False
            DeleteEmptyLines = False
            CanResizeX = False
            CanResizeY = False
            hAlign = prhRight
            vAlign = prvTop
            DefaultFont = True
            WordWrap = False
            TxFontOptionsEx = (
              tfoCondensed
              tfoBold)
          end>
        dRec.Left = 56
        dRec.Top = 1
        dRec.Right = 73
        dRec.Bottom = 2
        Visible = False
      end
      object prTxMemoObj8: TprTxMemoObj
        dRec.DefVersion = 0
        dRec.Versions = <
          item
            Visible = True
            Memo.Strings = (
              #1054#1041#1065#1048#1049' '#1048#1058#1054#1043':')
            DeleteEmptyLinesAtEnd = False
            DeleteEmptyLines = False
            CanResizeX = False
            CanResizeY = False
            hAlign = prhLeft
            vAlign = prvTop
            DefaultFont = True
            WordWrap = False
          end>
        dRec.Left = 0
        dRec.Top = 1
        dRec.Right = 41
        dRec.Bottom = 2
        Visible = False
      end
      object prTxMemoObj10: TprTxMemoObj
        dRec.DefVersion = 0
        dRec.Versions = <
          item
            Visible = True
            Memo.Strings = (
              '------------------------------------------')
            DeleteEmptyLinesAtEnd = False
            DeleteEmptyLines = False
            CanResizeX = False
            CanResizeY = False
            hAlign = prhLeft
            vAlign = prvTop
            DefaultFont = True
            WordWrap = False
          end>
        dRec.Left = 0
        dRec.Top = 0
        dRec.Right = 41
        dRec.Bottom = 1
        Visible = False
      end
      object prTxMemoObj16: TprTxMemoObj
        dRec.DefVersion = 0
        dRec.Versions = <
          item
            Visible = True
            Memo.Strings = (
              '-----------------')
            DeleteEmptyLinesAtEnd = False
            DeleteEmptyLines = False
            CanResizeX = False
            CanResizeY = False
            hAlign = prhLeft
            vAlign = prvTop
            DefaultFont = True
            WordWrap = False
          end>
        dRec.Left = 41
        dRec.Top = 0
        dRec.Right = 56
        dRec.Bottom = 1
        Visible = False
      end
      object prTxMemoObj17: TprTxMemoObj
        dRec.DefVersion = 0
        dRec.Versions = <
          item
            Visible = True
            Memo.Strings = (
              '-----------------')
            DeleteEmptyLinesAtEnd = False
            DeleteEmptyLines = False
            CanResizeX = False
            CanResizeY = False
            hAlign = prhLeft
            vAlign = prvTop
            DefaultFont = True
            WordWrap = False
          end>
        dRec.Left = 56
        dRec.Top = 0
        dRec.Right = 73
        dRec.Bottom = 1
        Visible = False
      end
    end
    object prTxHDetailHeaderBand1: TprTxHDetailHeaderBand
      Height = 5
      UseVerticalBands = True
      DetailBand = prTxHDetailBand1
      ColCount = 1
      ColDirection = prcdTopBottomLeftRight
      ReprintOnEachPage = False
      LinkToDetail = False
      object prTxMemoObj26: TprTxMemoObj
        dRec.DefVersion = 0
        dRec.Versions = <
          item
            Visible = True
            Memo.Strings = (
              '[KD_Trest.name_tr]')
            DeleteEmptyLinesAtEnd = False
            DeleteEmptyLines = False
            CanResizeX = False
            CanResizeY = False
            hAlign = prhRight
            vAlign = prvTop
            DefaultFont = True
            WordWrap = False
          end>
        dRec.Left = 41
        dRec.Top = 4
        dRec.Right = 55
        dRec.Bottom = 5
        Visible = False
      end
      object prTxMemoObj12: TprTxMemoObj
        dRec.DefVersion = 0
        dRec.Versions = <
          item
            Visible = True
            Memo.Strings = (
              ' '#1048#1090#1086#1075#1086':')
            DeleteEmptyLinesAtEnd = False
            DeleteEmptyLines = False
            CanResizeX = False
            CanResizeY = False
            hAlign = prhRight
            vAlign = prvTop
            DefaultFont = True
            WordWrap = False
          end>
        dRec.Left = 56
        dRec.Top = 4
        dRec.Right = 72
        dRec.Bottom = 5
        Visible = False
      end
    end
    object prTxHTitleBand1: TprTxHTitleBand
      Height = 5
      UseVerticalBands = False
      object prTxMemoObj20: TprTxMemoObj
        dRec.DefVersion = 0
        dRec.Versions = <
          item
            Visible = True
            Memo.Strings = (
              
                #1054#1087#1083#1072#1090#1072' '#1087#1086' '#1087#1088#1077#1076#1087#1088#1080#1103#1090#1080#1103#1084'/'#1091#1089#1083#1091#1075#1072#1084' '#1074' '#1088#1072#1079#1088#1077#1079#1077' '#1046#1069#1054' '#1079#1072' '#1087#1077#1088#1080#1086#1076' '#1089' [OD_ito' +
                'g.MG1] '#1087#1086' [OD_itog.MG2] '#1087#1088#1080#1085#1103#1090#1072#1103' '#1079#1072' [OD_itog.nametype] [OD_itog.' +
                'name]')
            DeleteEmptyLinesAtEnd = False
            DeleteEmptyLines = False
            CanResizeX = False
            CanResizeY = False
            hAlign = prhLeft
            vAlign = prvTop
            DefaultFont = True
            WordWrap = True
          end>
        dRec.Left = 1
        dRec.Top = 3
        dRec.Right = 122
        dRec.Bottom = 5
        Visible = False
      end
      object prTxMemoObj4: TprTxMemoObj
        dRec.DefVersion = 0
        dRec.Versions = <
          item
            Visible = True
            Memo.Strings = (
              '####')
            DeleteEmptyLinesAtEnd = False
            DeleteEmptyLines = False
            CanResizeX = False
            CanResizeY = False
            hAlign = prhLeft
            vAlign = prvTop
            DefaultFont = False
            WordWrap = False
          end>
        dRec.Left = 0
        dRec.Top = 0
        dRec.Right = 10
        dRec.Bottom = 1
        Visible = False
      end
      object prTxMemoObj21: TprTxMemoObj
        dRec.DefVersion = 0
        dRec.Versions = <
          item
            Visible = True
            Memo.Strings = (
              #1076#1072#1090#1072' '#1087#1077#1095#1072#1090#1080': [StartDateTime]')
            DeleteEmptyLinesAtEnd = False
            DeleteEmptyLines = False
            CanResizeX = False
            CanResizeY = False
            hAlign = prhLeft
            vAlign = prvTop
            DefaultFont = True
            WordWrap = False
          end>
        dRec.Left = 281
        dRec.Top = 0
        dRec.Right = 310
        dRec.Bottom = 1
        Visible = False
      end
    end
  end
  object prOrgGroup1: TprGroup
    Valid = 'VertDataset.name'
    DetailBand = prTxHDetailBand2
  end
end
