object TprTxReport
  ShowProgress = True
  FromPage = 1
  ToPage = 1
  Values = <
    item
      Group = prGroup_reu
      Name = 'prIndebet_uch'
      AggFunction = prafSum
      Formula = 'OD_data.INDEBET'
      ResetOn = rvtGroup
      CalcOn = cvtDataSetNext
      DataSetName = 'OD_data'
      ResetDataSetName = 'OD_data'
    end
    item
      Group = prGroup_trest
      Name = 'prIndebet_reu'
      AggFunction = prafSum
      Formula = 'OD_data.INDEBET'
      ResetOn = rvtGroup
      CalcOn = cvtDataSetNext
      DataSetName = 'OD_data'
      ResetDataSetName = 'OD_data'
    end
    item
      Group = prGroup_trest
      Name = 'prIndebet_itog'
      AggFunction = prafSum
      Formula = 'OD_data.INDEBET'
      ResetOn = rvtReport
      CalcOn = cvtDataSetNext
      DataSetName = 'OD_data'
      ResetDataSetName = 'OD_data'
    end
    item
      Group = prGroup_reu
      Name = 'prInkredit_uch'
      AggFunction = prafSum
      Formula = 'OD_data.INKREDIT'
      ResetOn = rvtGroup
      CalcOn = cvtDataSetNext
      DataSetName = 'OD_data'
      ResetDataSetName = 'OD_data'
    end
    item
      Group = prGroup_trest
      Name = 'prInkredit_reu'
      AggFunction = prafSum
      Formula = 'OD_data.INKREDIT'
      ResetOn = rvtGroup
      CalcOn = cvtDataSetNext
      DataSetName = 'OD_data'
      ResetDataSetName = 'OD_data'
    end
    item
      Group = prGroup_trest
      Name = 'prInkredit_itog'
      AggFunction = prafSum
      Formula = 'OD_data.INKREDIT'
      ResetOn = rvtReport
      CalcOn = cvtDataSetNext
      DataSetName = 'OD_data'
      ResetDataSetName = 'OD_data'
    end
    item
      Group = prGroup_reu
      Name = 'prCharges_uch'
      AggFunction = prafSum
      Formula = 'OD_data.CHARGES'
      ResetOn = rvtGroup
      CalcOn = cvtDataSetNext
      DataSetName = 'OD_data'
      ResetDataSetName = 'OD_data'
    end
    item
      Group = prGroup_trest
      Name = 'prCharges_reu'
      AggFunction = prafSum
      Formula = 'OD_data.CHARGES'
      ResetOn = rvtGroup
      CalcOn = cvtDataSetNext
      DataSetName = 'OD_data'
      ResetDataSetName = 'OD_data'
    end
    item
      Group = prGroup_trest
      Name = 'prCharges_itog'
      AggFunction = prafSum
      Formula = 'OD_data.CHARGES'
      ResetOn = rvtReport
      CalcOn = cvtDataSetNext
      DataSetName = 'OD_data'
      ResetDataSetName = 'OD_data'
    end
    item
      Group = prGroup_reu
      Name = 'prChanges_uch'
      AggFunction = prafSum
      Formula = 'OD_data.CHANGES'
      ResetOn = rvtGroup
      CalcOn = cvtDataSetNext
      DataSetName = 'OD_data'
      ResetDataSetName = 'OD_data'
    end
    item
      Group = prGroup_trest
      Name = 'prChanges_reu'
      AggFunction = prafSum
      Formula = 'OD_data.CHANGES'
      ResetOn = rvtGroup
      CalcOn = cvtDataSetNext
      DataSetName = 'OD_data'
      ResetDataSetName = 'OD_data'
    end
    item
      Group = prGroup_reu
      Name = 'prSubsid_uch'
      AggFunction = prafSum
      Formula = 'OD_data.SUBSID'
      ResetOn = rvtGroup
      CalcOn = cvtDataSetNext
      DataSetName = 'OD_data'
      ResetDataSetName = 'OD_data'
    end
    item
      Group = prGroup_trest
      Name = 'prSubsid_reu'
      AggFunction = prafSum
      Formula = 'OD_data.SUBSID'
      ResetOn = rvtGroup
      CalcOn = cvtDataSetNext
      DataSetName = 'OD_data'
      ResetDataSetName = 'OD_data'
    end
    item
      Group = prGroup_trest
      Name = 'prSubsid_itog'
      AggFunction = prafSum
      Formula = 'OD_data.SUBSID'
      ResetOn = rvtReport
      CalcOn = cvtDataSetNext
      DataSetName = 'OD_data'
      ResetDataSetName = 'OD_data'
    end
    item
      Group = prGroup_reu
      Name = 'prPayment_uch'
      AggFunction = prafSum
      Formula = 'OD_data.PAYMENT'
      ResetOn = rvtGroup
      CalcOn = cvtDataSetNext
      DataSetName = 'OD_data'
      ResetDataSetName = 'OD_data'
    end
    item
      Group = prGroup_trest
      Name = 'prPayment_reu'
      AggFunction = prafSum
      Formula = 'OD_data.PAYMENT'
      ResetOn = rvtGroup
      CalcOn = cvtDataSetNext
      DataSetName = 'OD_data'
      ResetDataSetName = 'OD_data'
    end
    item
      Group = prGroup_trest
      Name = 'prPayment_itog'
      AggFunction = prafSum
      Formula = 'OD_data.PAYMENT'
      ResetOn = rvtReport
      CalcOn = cvtDataSetNext
      DataSetName = 'OD_data'
      ResetDataSetName = 'OD_data'
    end
    item
      Group = prGroup_reu
      Name = 'prOutdebet_uch'
      AggFunction = prafSum
      Formula = 'OD_data.OUTDEBET'
      ResetOn = rvtGroup
      CalcOn = cvtDataSetNext
      DataSetName = 'OD_data'
      ResetDataSetName = 'OD_data'
    end
    item
      Group = prGroup_trest
      Name = 'prOutdebet_reu'
      AggFunction = prafSum
      Formula = 'OD_data.OUTDEBET'
      ResetOn = rvtGroup
      CalcOn = cvtDataSetNext
      DataSetName = 'OD_data'
      ResetDataSetName = 'OD_data'
    end
    item
      Group = prGroup_trest
      Name = 'prOutdebet_itog'
      AggFunction = prafSum
      Formula = 'OD_data.OUTDEBET'
      ResetOn = rvtReport
      CalcOn = cvtDataSetNext
      DataSetName = 'OD_data'
      ResetDataSetName = 'OD_data'
    end
    item
      Group = prGroup_reu
      Name = 'prOutkredit_uch'
      AggFunction = prafSum
      Formula = 'OD_data.OUTKREDIT'
      ResetOn = rvtGroup
      CalcOn = cvtDataSetNext
      DataSetName = 'OD_data'
      ResetDataSetName = 'OD_data'
    end
    item
      Group = prGroup_trest
      Name = 'prOutkredit_reu'
      AggFunction = prafSum
      Formula = 'OD_data.OUTKREDIT'
      ResetOn = rvtGroup
      CalcOn = cvtDataSetNext
      DataSetName = 'OD_data'
      ResetDataSetName = 'OD_data'
    end
    item
      Group = prGroup_trest
      Name = 'prOutkredit_itog'
      AggFunction = prafSum
      Formula = 'OD_data.OUTKREDIT'
      ResetOn = rvtReport
      CalcOn = cvtDataSetNext
      DataSetName = 'OD_data'
      ResetDataSetName = 'OD_data'
    end
    item
      Group = prGroup_reu
      Name = 'prPN_uch'
      AggFunction = prafSum
      Formula = 'OD_data.PN'
      ResetOn = rvtGroup
      CalcOn = cvtDataSetNext
      DataSetName = 'OD_data'
      ResetDataSetName = 'OD_data'
    end
    item
      Group = prGroup_trest
      Name = 'prPN_reu'
      AggFunction = prafSum
      Formula = 'OD_data.PN'
      ResetOn = rvtGroup
      CalcOn = cvtDataSetNext
      DataSetName = 'OD_data'
      ResetDataSetName = 'OD_data'
    end
    item
      Group = prGroup_trest
      Name = 'prPN_itog'
      AggFunction = prafSum
      Formula = 'OD_data.PN'
      ResetOn = rvtReport
      CalcOn = cvtDataSetNext
      DataSetName = 'OD_data'
      ResetDataSetName = 'OD_data'
    end
    item
      Group = prGroup_trest
      Name = 'prChanges_itog'
      AggFunction = prafSum
      Formula = 'OD_data.CHANGES'
      ResetOn = rvtReport
      CalcOn = cvtDataSetNext
      DataSetName = 'OD_data'
      ResetDataSetName = 'OD_data'
    end>
  Variables = <>
  PrinterName = '\\FS02\Epson DFX-8000'
  ESCModelName = #1055#1088#1080#1085#1090#1077#1088#1099' '#1092#1080#1088#1084#1099' Epson'
  EjectPageAfterPrint = False
  PaperType = ptRulon
  PrintRulonMode = prmLinesRange
  FromLine = 1
  ToLine = 30
  Left = 96
  Top = 288
  SystemInfo = (
    'OS: WIN32_NT 5.0.2195 Service Pack 4'
    ''
    'PageSize: 4096'
    'ActiveProcessorMask: $1000'
    'NumberOfProcessors: 1'
    'ProcessorType: 586'
    ''
    'Compiler version: Delphi7'
    'PReport version: 1.83.2')
  object prTxPage1: TprTxPage
    PageType = tptRoll
    LineNum = 60
    ColNum = 164
    DefTxFontOptionsEx = (
      tfoCondensed)
    object prTxHTitleBand1: TprTxHTitleBand
      Height = 9
      UseVerticalBands = False
      object prTxMemoObj29: TprTxMemoObj
        dRec.DefVersion = 0
        dRec.Versions = <
          item
            Visible = True
            Memo.Strings = (
              #1076#1072#1090#1072' '#1087#1077#1095#1072#1090#1080': [StartDateTime]')
            DeleteEmptyLinesAtEnd = False
            DeleteEmptyLines = False
            CanResizeX = False
            CanResizeY = False
            hAlign = prhLeft
            vAlign = prvTop
            DefaultFont = True
            WordWrap = False
          end>
        dRec.Left = 134
        dRec.Top = 0
        dRec.Right = 164
        dRec.Bottom = 1
        Visible = False
      end
      object prTxMemoObj18: TprTxMemoObj
        dRec.DefVersion = 0
        dRec.Versions = <
          item
            Visible = True
            Memo.Strings = (
              
                #1043#1088#1091#1087#1087#1086#1074#1072#1103' '#1086#1073#1086#1088#1086#1090#1085#1072#1103' '#1074#1077#1076#1086#1084#1086#1089#1090#1100' '#1087#1086' '#1076#1086#1084#1072#1084' '#1079#1072' '#1087#1077#1088#1080#1086#1076' '#1089' [OracleDataSe' +
                't1.MG1] '#1087#1086' [OracleDataSet2.MG1]')
            DeleteEmptyLinesAtEnd = False
            DeleteEmptyLines = False
            CanResizeX = False
            CanResizeY = False
            hAlign = prhLeft
            vAlign = prvTop
            DefaultFont = True
            WordWrap = False
          end>
        dRec.Left = 38
        dRec.Top = 3
        dRec.Right = 119
        dRec.Bottom = 4
        Visible = False
      end
      object prTxMemoObj51: TprTxMemoObj
        dRec.DefVersion = 0
        dRec.Versions = <
          item
            Visible = True
            Memo.Strings = (
              #1076#1077#1073#1077#1090)
            DeleteEmptyLinesAtEnd = False
            DeleteEmptyLines = False
            CanResizeX = False
            CanResizeY = False
            hAlign = prhRight
            vAlign = prvCenter
            DefaultFont = True
            WordWrap = False
          end>
        dRec.Left = 42
        dRec.Top = 7
        dRec.Right = 49
        dRec.Bottom = 8
        Visible = False
      end
      object prTxMemoObj52: TprTxMemoObj
        dRec.DefVersion = 0
        dRec.Versions = <
          item
            Visible = True
            Memo.Strings = (
              #1082#1088#1077#1076#1080#1090
              '')
            DeleteEmptyLinesAtEnd = False
            DeleteEmptyLines = False
            CanResizeX = False
            CanResizeY = False
            hAlign = prhRight
            vAlign = prvCenter
            DefaultFont = True
            WordWrap = False
          end>
        dRec.Left = 52
        dRec.Top = 7
        dRec.Right = 63
        dRec.Bottom = 8
        Visible = False
      end
      object prTxMemoObj53: TprTxMemoObj
        dRec.DefVersion = 0
        dRec.Versions = <
          item
            Visible = True
            Memo.Strings = (
              #1076#1077#1073#1077#1090)
            DeleteEmptyLinesAtEnd = False
            DeleteEmptyLines = False
            CanResizeX = False
            CanResizeY = False
            hAlign = prhRight
            vAlign = prvCenter
            DefaultFont = True
            WordWrap = False
          end>
        dRec.Left = 123
        dRec.Top = 7
        dRec.Right = 133
        dRec.Bottom = 8
        Visible = False
      end
      object prTxMemoObj54: TprTxMemoObj
        dRec.DefVersion = 0
        dRec.Versions = <
          item
            Visible = True
            Memo.Strings = (
              #1082#1088#1077#1076#1080#1090
              '')
            DeleteEmptyLinesAtEnd = False
            DeleteEmptyLines = False
            CanResizeX = False
            CanResizeY = False
            hAlign = prhRight
            vAlign = prvCenter
            DefaultFont = True
            WordWrap = False
          end>
        dRec.Left = 136
        dRec.Top = 7
        dRec.Right = 148
        dRec.Bottom = 8
        Visible = False
      end
      object prTxMemoObj55: TprTxMemoObj
        dRec.DefVersion = 0
        dRec.Versions = <
          item
            Visible = True
            Memo.Strings = (
              #1042#1093#1086#1076#1103#1097#1077#1077' '#1089#1072#1083#1100#1076#1086)
            DeleteEmptyLinesAtEnd = False
            DeleteEmptyLines = False
            CanResizeX = False
            CanResizeY = False
            hAlign = prhCenter
            vAlign = prvCenter
            DefaultFont = True
            WordWrap = False
          end>
        dRec.Left = 43
        dRec.Top = 6
        dRec.Right = 61
        dRec.Bottom = 7
        Visible = False
      end
      object prTxMemoObj56: TprTxMemoObj
        dRec.DefVersion = 0
        dRec.Versions = <
          item
            Visible = True
            Memo.Strings = (
              #1048#1089#1093#1086#1076#1103#1097#1077#1077' '#1089#1072#1083#1100#1076#1086)
            DeleteEmptyLinesAtEnd = False
            DeleteEmptyLines = False
            CanResizeX = False
            CanResizeY = False
            hAlign = prhCenter
            vAlign = prvCenter
            DefaultFont = True
            WordWrap = False
          end>
        dRec.Left = 128
        dRec.Top = 6
        dRec.Right = 146
        dRec.Bottom = 7
        Visible = False
      end
      object prTxMemoObj57: TprTxMemoObj
        dRec.DefVersion = 0
        dRec.Versions = <
          item
            Visible = True
            Memo.Strings = (
              #1085#1072#1095#1080#1089#1083#1077#1085#1080#1077
              '')
            DeleteEmptyLinesAtEnd = False
            DeleteEmptyLines = False
            CanResizeX = False
            CanResizeY = False
            hAlign = prhRight
            vAlign = prvCenter
            DefaultFont = True
            WordWrap = False
          end>
        dRec.Left = 66
        dRec.Top = 7
        dRec.Right = 79
        dRec.Bottom = 8
        Visible = False
      end
      object prTxMemoObj58: TprTxMemoObj
        dRec.DefVersion = 0
        dRec.Versions = <
          item
            Visible = True
            Memo.Strings = (
              '('#1074' '#1090'.'#1095'. '#1080#1079#1084#1077#1085#1077#1085#1080#1103')'
              '')
            DeleteEmptyLinesAtEnd = False
            DeleteEmptyLines = False
            CanResizeX = False
            CanResizeY = False
            hAlign = prhRight
            vAlign = prvCenter
            DefaultFont = True
            WordWrap = True
          end>
        dRec.Left = 81
        dRec.Top = 6
        dRec.Right = 93
        dRec.Bottom = 8
        Visible = False
      end
      object prTxMemoObj59: TprTxMemoObj
        dRec.DefVersion = 0
        dRec.Versions = <
          item
            Visible = True
            Memo.Strings = (
              #1089#1091#1073#1089#1080#1076#1080#1080
              '')
            DeleteEmptyLinesAtEnd = False
            DeleteEmptyLines = False
            CanResizeX = False
            CanResizeY = False
            hAlign = prhRight
            vAlign = prvCenter
            DefaultFont = True
            WordWrap = False
          end>
        dRec.Left = 95
        dRec.Top = 7
        dRec.Right = 108
        dRec.Bottom = 8
        Visible = False
      end
      object prTxMemoObj60: TprTxMemoObj
        dRec.DefVersion = 0
        dRec.Versions = <
          item
            Visible = True
            Memo.Strings = (
              #1086#1087#1083#1072#1090#1072
              '')
            DeleteEmptyLinesAtEnd = False
            DeleteEmptyLines = False
            CanResizeX = False
            CanResizeY = False
            hAlign = prhRight
            vAlign = prvCenter
            DefaultFont = True
            WordWrap = False
          end>
        dRec.Left = 110
        dRec.Top = 7
        dRec.Right = 121
        dRec.Bottom = 8
        Visible = False
      end
      object prTxMemoObj61: TprTxMemoObj
        dRec.DefVersion = 0
        dRec.Versions = <
          item
            Visible = True
            Memo.Strings = (
              #1055#1077#1085#1103)
            DeleteEmptyLinesAtEnd = False
            DeleteEmptyLines = False
            CanResizeX = False
            CanResizeY = False
            hAlign = prhRight
            vAlign = prvCenter
            DefaultFont = True
            WordWrap = False
          end>
        dRec.Left = 150
        dRec.Top = 7
        dRec.Right = 164
        dRec.Bottom = 8
        Visible = False
      end
      object prTxMemoObj62: TprTxMemoObj
        dRec.DefVersion = 0
        dRec.Versions = <
          item
            Visible = True
            Memo.Strings = (
              
                '----------------------------------------------------------------' +
                '----------------------------------------------------------------' +
                '----------------------------------------------------------------' +
                '----------------------------------------------------------------' +
                '---------')
            DeleteEmptyLinesAtEnd = False
            DeleteEmptyLines = False
            CanResizeX = False
            CanResizeY = False
            hAlign = prhRight
            vAlign = prvTop
            DefaultFont = True
            WordWrap = False
          end>
        dRec.Left = 0
        dRec.Top = 8
        dRec.Right = 164
        dRec.Bottom = 9
        Visible = False
      end
      object prTxMemoObj65: TprTxMemoObj
        dRec.DefVersion = 0
        dRec.Versions = <
          item
            Visible = True
            Memo.Strings = (
              
                '----------------------------------------------------------------' +
                '----------------------------------------------------------------' +
                '----------------------------------------------------------------' +
                '----------------------------------------------------------------' +
                '---------')
            DeleteEmptyLinesAtEnd = False
            DeleteEmptyLines = False
            CanResizeX = False
            CanResizeY = False
            hAlign = prhRight
            vAlign = prvTop
            DefaultFont = True
            WordWrap = False
          end>
        dRec.Left = 0
        dRec.Top = 5
        dRec.Right = 164
        dRec.Bottom = 6
        Visible = False
      end
      object prTxMemoObj66: TprTxMemoObj
        dRec.DefVersion = 0
        dRec.Versions = <
          item
            Visible = True
            Memo.Strings = (
              '|'
              '|')
            DeleteEmptyLinesAtEnd = False
            DeleteEmptyLines = False
            CanResizeX = False
            CanResizeY = False
            hAlign = prhLeft
            vAlign = prvTop
            DefaultFont = True
            WordWrap = False
          end>
        dRec.Left = 38
        dRec.Top = 6
        dRec.Right = 40
        dRec.Bottom = 8
        Visible = False
      end
      object prTxMemoObj67: TprTxMemoObj
        dRec.DefVersion = 0
        dRec.Versions = <
          item
            Visible = True
            Memo.Strings = (
              '|'
              '|')
            DeleteEmptyLinesAtEnd = False
            DeleteEmptyLines = False
            CanResizeX = False
            CanResizeY = False
            hAlign = prhLeft
            vAlign = prvTop
            DefaultFont = True
            WordWrap = False
          end>
        dRec.Left = 64
        dRec.Top = 6
        dRec.Right = 66
        dRec.Bottom = 8
        Visible = False
      end
      object prTxMemoObj68: TprTxMemoObj
        dRec.DefVersion = 0
        dRec.Versions = <
          item
            Visible = True
            Memo.Strings = (
              '|'
              '|')
            DeleteEmptyLinesAtEnd = False
            DeleteEmptyLines = False
            CanResizeX = False
            CanResizeY = False
            hAlign = prhLeft
            vAlign = prvTop
            DefaultFont = True
            WordWrap = False
          end>
        dRec.Left = 79
        dRec.Top = 6
        dRec.Right = 81
        dRec.Bottom = 8
        Visible = False
      end
      object prTxMemoObj69: TprTxMemoObj
        dRec.DefVersion = 0
        dRec.Versions = <
          item
            Visible = True
            Memo.Strings = (
              '|'
              '|')
            DeleteEmptyLinesAtEnd = False
            DeleteEmptyLines = False
            CanResizeX = False
            CanResizeY = False
            hAlign = prhLeft
            vAlign = prvTop
            DefaultFont = True
            WordWrap = False
          end>
        dRec.Left = 93
        dRec.Top = 6
        dRec.Right = 95
        dRec.Bottom = 8
        Visible = False
      end
      object prTxMemoObj70: TprTxMemoObj
        dRec.DefVersion = 0
        dRec.Versions = <
          item
            Visible = True
            Memo.Strings = (
              '|'
              '|')
            DeleteEmptyLinesAtEnd = False
            DeleteEmptyLines = False
            CanResizeX = False
            CanResizeY = False
            hAlign = prhLeft
            vAlign = prvTop
            DefaultFont = True
            WordWrap = False
          end>
        dRec.Left = 108
        dRec.Top = 6
        dRec.Right = 110
        dRec.Bottom = 8
        Visible = False
      end
      object prTxMemoObj71: TprTxMemoObj
        dRec.DefVersion = 0
        dRec.Versions = <
          item
            Visible = True
            Memo.Strings = (
              '|'
              '|')
            DeleteEmptyLinesAtEnd = False
            DeleteEmptyLines = False
            CanResizeX = False
            CanResizeY = False
            hAlign = prhLeft
            vAlign = prvTop
            DefaultFont = True
            WordWrap = False
          end>
        dRec.Left = 121
        dRec.Top = 6
        dRec.Right = 123
        dRec.Bottom = 8
        Visible = False
      end
      object prTxMemoObj72: TprTxMemoObj
        dRec.DefVersion = 0
        dRec.Versions = <
          item
            Visible = True
            Memo.Strings = (
              '|'
              '|')
            DeleteEmptyLinesAtEnd = False
            DeleteEmptyLines = False
            CanResizeX = False
            CanResizeY = False
            hAlign = prhLeft
            vAlign = prvTop
            DefaultFont = True
            WordWrap = False
          end>
        dRec.Left = 148
        dRec.Top = 6
        dRec.Right = 150
        dRec.Bottom = 8
        Visible = False
      end
      object prTxMemoObj8: TprTxMemoObj
        dRec.DefVersion = 0
        dRec.Versions = <
          item
            Visible = True
            Memo.Strings = (
              #1046#1069#1054':')
            DeleteEmptyLinesAtEnd = False
            DeleteEmptyLines = False
            CanResizeX = False
            CanResizeY = False
            hAlign = prhLeft
            vAlign = prvTop
            DefaultFont = True
            WordWrap = False
          end>
        dRec.Left = 2
        dRec.Top = 7
        dRec.Right = 17
        dRec.Bottom = 8
        Visible = False
      end
      object prTxMemoObj6: TprTxMemoObj
        dRec.DefVersion = 0
        dRec.Versions = <
          item
            Visible = True
            Memo.Strings = (
              'Ora')
            DeleteEmptyLinesAtEnd = False
            DeleteEmptyLines = False
            CanResizeX = False
            CanResizeY = False
            hAlign = prhLeft
            vAlign = prvTop
            DefaultFont = True
            WordWrap = False
          end>
        dRec.Left = 2
        dRec.Top = 1
        dRec.Right = 10
        dRec.Bottom = 2
        Visible = False
      end
    end
    object prTxHDetailBand1: TprTxHDetailBand
      Visible = False
      Height = 1
      UseVerticalBands = False
      DataSetName = 'OD_data'
      ColCount = 1
      ColDirection = prcdTopBottomLeftRight
      Groups = (
        'prGroup_trest'
        'prGroup_reu')
      object prTxMemoObj1: TprTxMemoObj
        dRec.DefVersion = 0
        dRec.Versions = <
          item
            Visible = True
            Memo.Strings = (
              '[round(OD_data.INDEBET,2)]')
            DeleteEmptyLinesAtEnd = False
            DeleteEmptyLines = False
            CanResizeX = False
            CanResizeY = False
            hAlign = prhRight
            vAlign = prvTop
            DefaultFont = True
            WordWrap = False
          end>
        dRec.Left = 38
        dRec.Top = 0
        dRec.Right = 52
        dRec.Bottom = 1
        Visible = False
      end
      object prTxMemoObj2: TprTxMemoObj
        dRec.DefVersion = 0
        dRec.Versions = <
          item
            Visible = True
            Memo.Strings = (
              '[round(OD_data.INKREDIT,2)]')
            DeleteEmptyLinesAtEnd = False
            DeleteEmptyLines = False
            CanResizeX = False
            CanResizeY = False
            hAlign = prhRight
            vAlign = prvTop
            DefaultFont = True
            WordWrap = False
          end>
        dRec.Left = 52
        dRec.Top = 0
        dRec.Right = 66
        dRec.Bottom = 1
        Visible = False
      end
      object prTxMemoObj3: TprTxMemoObj
        dRec.DefVersion = 0
        dRec.Versions = <
          item
            Visible = True
            Memo.Strings = (
              '[round(OD_data.CHARGES,2)]')
            DeleteEmptyLinesAtEnd = False
            DeleteEmptyLines = False
            CanResizeX = False
            CanResizeY = False
            hAlign = prhRight
            vAlign = prvTop
            DefaultFont = True
            WordWrap = False
          end>
        dRec.Left = 66
        dRec.Top = 0
        dRec.Right = 80
        dRec.Bottom = 1
        Visible = False
      end
      object prTxMemoObj4: TprTxMemoObj
        dRec.DefVersion = 0
        dRec.Versions = <
          item
            Visible = True
            Memo.Strings = (
              '[round(OD_data.CHANGES,2)]')
            DeleteEmptyLinesAtEnd = False
            DeleteEmptyLines = False
            CanResizeX = False
            CanResizeY = False
            hAlign = prhRight
            vAlign = prvTop
            DefaultFont = True
            WordWrap = False
          end>
        dRec.Left = 80
        dRec.Top = 0
        dRec.Right = 94
        dRec.Bottom = 1
        Visible = False
      end
      object prTxMemoObj5: TprTxMemoObj
        dRec.DefVersion = 0
        dRec.Versions = <
          item
            Visible = True
            Memo.Strings = (
              '[round(OD_data.PAYMENT,2)]')
            DeleteEmptyLinesAtEnd = False
            DeleteEmptyLines = False
            CanResizeX = False
            CanResizeY = False
            hAlign = prhRight
            vAlign = prvTop
            DefaultFont = True
            WordWrap = False
          end>
        dRec.Left = 108
        dRec.Top = 0
        dRec.Right = 122
        dRec.Bottom = 1
        Visible = False
      end
      object prTxMemoObj32: TprTxMemoObj
        dRec.DefVersion = 0
        dRec.Versions = <
          item
            Visible = True
            Memo.Strings = (
              '[round(OD_data.SUBSID,2)]')
            DeleteEmptyLinesAtEnd = False
            DeleteEmptyLines = False
            CanResizeX = False
            CanResizeY = False
            hAlign = prhRight
            vAlign = prvTop
            DefaultFont = True
            WordWrap = False
          end>
        dRec.Left = 94
        dRec.Top = 0
        dRec.Right = 108
        dRec.Bottom = 1
        Visible = False
      end
      object prTxMemoObj36: TprTxMemoObj
        dRec.DefVersion = 0
        dRec.Versions = <
          item
            Visible = True
            Memo.Strings = (
              '[round(OD_data.OUTDEBET,2)]')
            DeleteEmptyLinesAtEnd = False
            DeleteEmptyLines = False
            CanResizeX = False
            CanResizeY = False
            hAlign = prhRight
            vAlign = prvTop
            DefaultFont = True
            WordWrap = False
          end>
        dRec.Left = 122
        dRec.Top = 0
        dRec.Right = 136
        dRec.Bottom = 1
        Visible = False
      end
      object prTxMemoObj40: TprTxMemoObj
        dRec.DefVersion = 0
        dRec.Versions = <
          item
            Visible = True
            Memo.Strings = (
              '[round(OD_data.OUTKREDIT,2)]')
            DeleteEmptyLinesAtEnd = False
            DeleteEmptyLines = False
            CanResizeX = False
            CanResizeY = False
            hAlign = prhRight
            vAlign = prvTop
            DefaultFont = True
            WordWrap = False
          end>
        dRec.Left = 136
        dRec.Top = 0
        dRec.Right = 150
        dRec.Bottom = 1
        Visible = False
      end
      object prTxMemoObj41: TprTxMemoObj
        dRec.DefVersion = 0
        dRec.Versions = <
          item
            Visible = True
            Memo.Strings = (
              '[round(OD_data.PN,2)]')
            DeleteEmptyLinesAtEnd = False
            DeleteEmptyLines = False
            CanResizeX = False
            CanResizeY = False
            hAlign = prhRight
            vAlign = prvTop
            DefaultFont = True
            WordWrap = False
          end>
        dRec.Left = 150
        dRec.Top = 0
        dRec.Right = 164
        dRec.Bottom = 1
        Visible = False
      end
    end
    object prTxHGroupFooterBand2: TprTxHGroupFooterBand
      Height = 1
      UseVerticalBands = False
      Group = prGroup_trest
      ColCount = 0
      ColDirection = prcdTopBottomLeftRight
      LinkToDetail = False
      object prTxMemoObj11: TprTxMemoObj
        dRec.DefVersion = 0
        dRec.Versions = <
          item
            Visible = True
            Memo.Strings = (
              '[OD_data.TREST]')
            DeleteEmptyLinesAtEnd = False
            DeleteEmptyLines = False
            CanResizeX = False
            CanResizeY = False
            hAlign = prhLeft
            vAlign = prvTop
            DefaultFont = True
            WordWrap = False
          end>
        dRec.Left = 2
        dRec.Top = 0
        dRec.Right = 38
        dRec.Bottom = 1
        Visible = False
      end
      object prTxMemoObj16: TprTxMemoObj
        dRec.DefVersion = 0
        dRec.Versions = <
          item
            Visible = True
            Memo.Strings = (
              '[Round(prIndebet_reu,2)]')
            DeleteEmptyLinesAtEnd = False
            DeleteEmptyLines = False
            CanResizeX = False
            CanResizeY = False
            hAlign = prhRight
            vAlign = prvTop
            DefaultFont = True
            WordWrap = False
          end>
        dRec.Left = 38
        dRec.Top = 0
        dRec.Right = 52
        dRec.Bottom = 1
        Visible = False
      end
      object prTxMemoObj23: TprTxMemoObj
        dRec.DefVersion = 0
        dRec.Versions = <
          item
            Visible = True
            Memo.Strings = (
              '[round(prInkredit_reu,2)]')
            DeleteEmptyLinesAtEnd = False
            DeleteEmptyLines = False
            CanResizeX = False
            CanResizeY = False
            hAlign = prhRight
            vAlign = prvTop
            DefaultFont = True
            WordWrap = False
          end>
        dRec.Left = 52
        dRec.Top = 0
        dRec.Right = 66
        dRec.Bottom = 1
        Visible = False
      end
      object prTxMemoObj26: TprTxMemoObj
        dRec.DefVersion = 0
        dRec.Versions = <
          item
            Visible = True
            Memo.Strings = (
              '[round(prCharges_reu,2)]')
            DeleteEmptyLinesAtEnd = False
            DeleteEmptyLines = False
            CanResizeX = False
            CanResizeY = False
            hAlign = prhRight
            vAlign = prvTop
            DefaultFont = True
            WordWrap = False
          end>
        dRec.Left = 66
        dRec.Top = 0
        dRec.Right = 80
        dRec.Bottom = 1
        Visible = False
      end
      object prTxMemoObj30: TprTxMemoObj
        dRec.DefVersion = 0
        dRec.Versions = <
          item
            Visible = True
            Memo.Strings = (
              '[round(prChanges_reu,2)]')
            DeleteEmptyLinesAtEnd = False
            DeleteEmptyLines = False
            CanResizeX = False
            CanResizeY = False
            hAlign = prhRight
            vAlign = prvTop
            DefaultFont = True
            WordWrap = False
          end>
        dRec.Left = 80
        dRec.Top = 0
        dRec.Right = 94
        dRec.Bottom = 1
        Visible = False
      end
      object prTxMemoObj34: TprTxMemoObj
        dRec.DefVersion = 0
        dRec.Versions = <
          item
            Visible = True
            Memo.Strings = (
              '[round(prSubsid_reu,2)]')
            DeleteEmptyLinesAtEnd = False
            DeleteEmptyLines = False
            CanResizeX = False
            CanResizeY = False
            hAlign = prhRight
            vAlign = prvTop
            DefaultFont = True
            WordWrap = False
          end>
        dRec.Left = 94
        dRec.Top = 0
        dRec.Right = 108
        dRec.Bottom = 1
        Visible = False
      end
      object prTxMemoObj38: TprTxMemoObj
        dRec.DefVersion = 0
        dRec.Versions = <
          item
            Visible = True
            Memo.Strings = (
              '[round(prPayment_reu,2)]')
            DeleteEmptyLinesAtEnd = False
            DeleteEmptyLines = False
            CanResizeX = False
            CanResizeY = False
            hAlign = prhRight
            vAlign = prvTop
            DefaultFont = True
            WordWrap = False
          end>
        dRec.Left = 108
        dRec.Top = 0
        dRec.Right = 122
        dRec.Bottom = 1
        Visible = False
      end
      object prTxMemoObj43: TprTxMemoObj
        dRec.DefVersion = 0
        dRec.Versions = <
          item
            Visible = True
            Memo.Strings = (
              '[round(prOutdebet_reu,2)]')
            DeleteEmptyLinesAtEnd = False
            DeleteEmptyLines = False
            CanResizeX = False
            CanResizeY = False
            hAlign = prhRight
            vAlign = prvTop
            DefaultFont = True
            WordWrap = False
          end>
        dRec.Left = 122
        dRec.Top = 0
        dRec.Right = 136
        dRec.Bottom = 1
        Visible = False
      end
      object prTxMemoObj46: TprTxMemoObj
        dRec.DefVersion = 0
        dRec.Versions = <
          item
            Visible = True
            Memo.Strings = (
              '[round(prOutkredit_reu,2)]')
            DeleteEmptyLinesAtEnd = False
            DeleteEmptyLines = False
            CanResizeX = False
            CanResizeY = False
            hAlign = prhRight
            vAlign = prvTop
            DefaultFont = True
            WordWrap = False
          end>
        dRec.Left = 136
        dRec.Top = 0
        dRec.Right = 150
        dRec.Bottom = 1
        Visible = False
      end
      object prTxMemoObj49: TprTxMemoObj
        dRec.DefVersion = 0
        dRec.Versions = <
          item
            Visible = True
            Memo.Strings = (
              '[round(prPN_reu,2)]')
            DeleteEmptyLinesAtEnd = False
            DeleteEmptyLines = False
            CanResizeX = False
            CanResizeY = False
            hAlign = prhRight
            vAlign = prvTop
            DefaultFont = True
            WordWrap = False
          end>
        dRec.Left = 150
        dRec.Top = 0
        dRec.Right = 164
        dRec.Bottom = 1
        Visible = False
      end
    end
    object prTxHSummaryBand1: TprTxHSummaryBand
      Height = 3
      UseVerticalBands = False
      object prTxMemoObj12: TprTxMemoObj
        dRec.DefVersion = 0
        dRec.Versions = <
          item
            Visible = True
            Memo.Strings = (
              #1048#1058#1054#1043#1054' '#1087#1086' '#1086#1090#1095#1077#1090#1091':')
            DeleteEmptyLinesAtEnd = False
            DeleteEmptyLines = False
            CanResizeX = False
            CanResizeY = False
            hAlign = prhLeft
            vAlign = prvTop
            DefaultFont = True
            WordWrap = False
          end>
        dRec.Left = 1
        dRec.Top = 1
        dRec.Right = 17
        dRec.Bottom = 2
        Visible = False
      end
      object prTxMemoObj15: TprTxMemoObj
        dRec.DefVersion = 0
        dRec.Versions = <
          item
            Visible = True
            Memo.Strings = (
              '[Round(prIndebet_itog,2)]')
            DeleteEmptyLinesAtEnd = False
            DeleteEmptyLines = False
            CanResizeX = False
            CanResizeY = False
            hAlign = prhRight
            vAlign = prvTop
            DefaultFont = True
            WordWrap = False
          end>
        dRec.Left = 38
        dRec.Top = 1
        dRec.Right = 52
        dRec.Bottom = 2
        Visible = False
      end
      object prTxMemoObj24: TprTxMemoObj
        dRec.DefVersion = 0
        dRec.Versions = <
          item
            Visible = True
            Memo.Strings = (
              '[round(prInkredit_itog,2)]')
            DeleteEmptyLinesAtEnd = False
            DeleteEmptyLines = False
            CanResizeX = False
            CanResizeY = False
            hAlign = prhRight
            vAlign = prvTop
            DefaultFont = True
            WordWrap = False
          end>
        dRec.Left = 52
        dRec.Top = 1
        dRec.Right = 66
        dRec.Bottom = 2
        Visible = False
      end
      object prTxMemoObj35: TprTxMemoObj
        dRec.DefVersion = 0
        dRec.Versions = <
          item
            Visible = True
            Memo.Strings = (
              '[round(prSubsid_itog,2)]')
            DeleteEmptyLinesAtEnd = False
            DeleteEmptyLines = False
            CanResizeX = False
            CanResizeY = False
            hAlign = prhRight
            vAlign = prvTop
            DefaultFont = True
            WordWrap = False
          end>
        dRec.Left = 94
        dRec.Top = 1
        dRec.Right = 108
        dRec.Bottom = 2
        Visible = False
      end
      object prTxMemoObj39: TprTxMemoObj
        dRec.DefVersion = 0
        dRec.Versions = <
          item
            Visible = True
            Memo.Strings = (
              '[round(prPayment_itog,2)]')
            DeleteEmptyLinesAtEnd = False
            DeleteEmptyLines = False
            CanResizeX = False
            CanResizeY = False
            hAlign = prhRight
            vAlign = prvTop
            DefaultFont = True
            WordWrap = False
          end>
        dRec.Left = 108
        dRec.Top = 1
        dRec.Right = 122
        dRec.Bottom = 2
        Visible = False
      end
      object prTxMemoObj44: TprTxMemoObj
        dRec.DefVersion = 0
        dRec.Versions = <
          item
            Visible = True
            Memo.Strings = (
              '[round(prOutdebet_itog,2)]')
            DeleteEmptyLinesAtEnd = False
            DeleteEmptyLines = False
            CanResizeX = False
            CanResizeY = False
            hAlign = prhRight
            vAlign = prvTop
            DefaultFont = True
            WordWrap = False
          end>
        dRec.Left = 122
        dRec.Top = 1
        dRec.Right = 136
        dRec.Bottom = 2
        Visible = False
      end
      object prTxMemoObj47: TprTxMemoObj
        dRec.DefVersion = 0
        dRec.Versions = <
          item
            Visible = True
            Memo.Strings = (
              '[round(prOutkredit_itog,2)]')
            DeleteEmptyLinesAtEnd = False
            DeleteEmptyLines = False
            CanResizeX = False
            CanResizeY = False
            hAlign = prhRight
            vAlign = prvTop
            DefaultFont = True
            WordWrap = False
          end>
        dRec.Left = 136
        dRec.Top = 1
        dRec.Right = 150
        dRec.Bottom = 2
        Visible = False
      end
      object prTxMemoObj50: TprTxMemoObj
        dRec.DefVersion = 0
        dRec.Versions = <
          item
            Visible = True
            Memo.Strings = (
              '[round(prPN_itog,2)]')
            DeleteEmptyLinesAtEnd = False
            DeleteEmptyLines = False
            CanResizeX = False
            CanResizeY = False
            hAlign = prhRight
            vAlign = prvTop
            DefaultFont = True
            WordWrap = False
          end>
        dRec.Left = 150
        dRec.Top = 1
        dRec.Right = 164
        dRec.Bottom = 2
        Visible = False
      end
      object prTxMemoObj27: TprTxMemoObj
        dRec.DefVersion = 0
        dRec.Versions = <
          item
            Visible = True
            Memo.Strings = (
              '[round(prChanges_itog,2)]')
            DeleteEmptyLinesAtEnd = False
            DeleteEmptyLines = False
            CanResizeX = False
            CanResizeY = False
            hAlign = prhRight
            vAlign = prvTop
            DefaultFont = True
            WordWrap = False
          end>
        dRec.Left = 80
        dRec.Top = 1
        dRec.Right = 94
        dRec.Bottom = 2
        Visible = False
      end
      object prTxMemoObj31: TprTxMemoObj
        dRec.DefVersion = 0
        dRec.Versions = <
          item
            Visible = True
            Memo.Strings = (
              '[round(prCharges_itog,2)]')
            DeleteEmptyLinesAtEnd = False
            DeleteEmptyLines = False
            CanResizeX = False
            CanResizeY = False
            hAlign = prhRight
            vAlign = prvTop
            DefaultFont = True
            WordWrap = False
          end>
        dRec.Left = 66
        dRec.Top = 1
        dRec.Right = 80
        dRec.Bottom = 2
        Visible = False
      end
      object prTxMemoObj19: TprTxMemoObj
        dRec.DefVersion = 0
        dRec.Versions = <
          item
            Visible = True
            Memo.Strings = (
              
                '----------------------------------------------------------------' +
                '----------------------------------------------------------------' +
                '----------------------------------------------------------------' +
                '----------------------------------------------------------------' +
                '---------')
            DeleteEmptyLinesAtEnd = False
            DeleteEmptyLines = False
            CanResizeX = False
            CanResizeY = False
            hAlign = prhRight
            vAlign = prvTop
            DefaultFont = True
            WordWrap = False
          end>
        dRec.Left = 0
        dRec.Top = 0
        dRec.Right = 164
        dRec.Bottom = 1
        Visible = False
      end
    end
    object prTxHGroupHeaderBand2: TprTxHGroupHeaderBand
      Visible = False
      Height = 1
      UseVerticalBands = False
      Group = prGroup_trest
      ColCount = 0
      ColDirection = prcdTopBottomLeftRight
      LinkToDetail = False
      StartNewPage = False
      ReprintOnEachPage = False
      object prTxMemoObj63: TprTxMemoObj
        dRec.DefVersion = 0
        dRec.Versions = <
          item
            Visible = True
            Memo.Strings = (
              #1046#1069#1054':')
            DeleteEmptyLinesAtEnd = False
            DeleteEmptyLines = False
            CanResizeX = False
            CanResizeY = False
            hAlign = prhLeft
            vAlign = prvTop
            DefaultFont = True
            WordWrap = False
          end>
        dRec.Left = 1
        dRec.Top = 0
        dRec.Right = 8
        dRec.Bottom = 1
        Visible = False
      end
      object prTxMemoObj64: TprTxMemoObj
        dRec.DefVersion = 0
        dRec.Versions = <
          item
            Visible = True
            Memo.Strings = (
              '[OD_data.TREST]')
            DeleteEmptyLinesAtEnd = False
            DeleteEmptyLines = False
            CanResizeX = False
            CanResizeY = False
            hAlign = prhLeft
            vAlign = prvTop
            DefaultFont = True
            WordWrap = False
          end>
        dRec.Left = 8
        dRec.Top = 0
        dRec.Right = 38
        dRec.Bottom = 1
        Visible = False
      end
    end
  end
  object prGroup_trest: TprGroup
    Valid = 'OD_data.TREST'
    DetailBand = prTxHDetailBand1
  end
  object prGroup_reu: TprGroup
    Valid = 'UID(OD_data.TREST,OD_data.REU)'
    DetailBand = prTxHDetailBand1
  end
end
